#
# A fatal error has been detected by the Java Runtime Environment:
#
#  SIGSEGV (0xb) at pc=0xb70222f5, pid=5925, tid=3063487344
#
# JRE version: 6.0_26-b03
# Java VM: Java HotSpot(TM) Server VM (20.1-b02 mixed mode linux-x86 )
# Problematic frame:
# V  [libjvm.so+0x66a2f5]  SignatureIterator::expect(char)+0x25
#
# If you would like to submit a bug report, please visit:
#   http://java.sun.com/webapps/bugreport/crash.jsp
#

---------------  T H R E A D  ---------------

Current thread (0x09c7ec00):  JavaThread "main" [_thread_in_vm, id=5934, stack(0xb6941000,0xb6992000)]

siginfo:si_signo=SIGSEGV: si_errno=0, si_code=1 (SEGV_MAPERR), si_addr=0x00000000

Registers:
EAX=0x00000000, EBX=0xb71b9dc8, ECX=0x00000028, EDX=0x00000000
ESP=0xb698a1ac, EBP=0xb698a2c4, ESI=0xb698a2fc, EDI=0xb698a2fc
EIP=0xb70222f5, EFLAGS=0x00010292, CR2=0x00000000

Top of Stack: (sp=0xb698a1ac)
0xb698a1ac:   b698a1cc b6ecb73e 09c7ef50 00000004
0xb698a1bc:   b698a25c b6b86ffd 8b8dcab8 09c7ef30
0xb698a1cc:   b698a25c b6ec8717 b698a214 87e1ca30
0xb698a1dc:   8b8dcab8 877e1198 09c7ec00 00000004
0xb698a1ec:   b7667a06 b6b50896 b698a204 00000000
0xb698a1fc:   0000001a 01c7f4e4 4e6d9ff5 00003382
0xb698a20c:   09c7f514 b6b50896 00000001 09c7f520
0xb698a21c:   b698a2ac b6b4fa9f 8b8dccf0 87b93188 

Instructions: (pc=0xb70222f5)
0xb70222d5:   53 81 ec 0c 01 00 00 8b 7d 08 0f be 4d 0c 8b 47
0xb70222e5:   04 8b 57 08 e8 00 00 00 00 5b 81 c3 da 7a 19 00
0xb70222f5:   8b 00 83 c0 0a 0f be 34 02 39 ce 74 32 8d b5 e8
0xb7022305:   fe ff ff 50 51 8d 8b df b2 f9 ff 51 56 e8 c9 cc 

Register to memory mapping:

EAX=0x00000000 is an unknown value
EBX=0xb71b9dc8: <offset 0x801dc8> in /usr/lib/jvm/java-6-sun-1.6.0.26/jre/lib/i386/server/libjvm.so at 0xb69b8000
ECX=0x00000028 is an unknown value
EDX=0x00000000 is an unknown value
ESP=0xb698a1ac is pointing into the stack for thread: 0x09c7ec00
EBP=0xb698a2c4 is pointing into the stack for thread: 0x09c7ec00
ESI=0xb698a2fc is pointing into the stack for thread: 0x09c7ec00
EDI=0xb698a2fc is pointing into the stack for thread: 0x09c7ec00


Stack: [0xb6941000,0xb6992000],  sp=0xb698a1ac,  free space=292k
Native frames: (J=compiled Java code, j=interpreted, Vv=VM code, C=native code)
V  [libjvm.so+0x66a2f5]  SignatureIterator::expect(char)+0x25
V  [libjvm.so+0x66a72c]  SignatureIterator::iterate_parameters()+0x2c
V  [libjvm.so+0x3561cb]  frame::interpreter_callee_receiver_addr(symbolHandle)+0x4b
V  [libjvm.so+0x3d9630]  InterpreterRuntime::resolve_invoke(JavaThread*, Bytecodes::Code)+0xd60
j  org.codehaus.groovy.runtime.InvokerInvocationException.<init>(Ljava/lang/reflect/InvocationTargetException;)V+2
j  org.codehaus.groovy.reflection.CachedMethod.invoke(Ljava/lang/Object;[Ljava/lang/Object;)Ljava/lang/Object;+66
j  groovy.lang.MetaMethod.doMethodInvoke(Ljava/lang/Object;[Ljava/lang/Object;)Ljava/lang/Object;+9
j  org.codehaus.groovy.runtime.metaclass.ClosureMetaClass.invokeMethod(Ljava/lang/Class;Ljava/lang/Object;Ljava/lang/String;[Ljava/lang/Object;ZZ)Ljava/lang/Object;+241

Java frames: (J=compiled Java code, j=interpreted, Vv=VM code)
j  org.codehaus.groovy.runtime.InvokerInvocationException.<init>(Ljava/lang/reflect/InvocationTargetException;)V+2
j  org.codehaus.groovy.reflection.CachedMethod.invoke(Ljava/lang/Object;[Ljava/lang/Object;)Ljava/lang/Object;+66
j  groovy.lang.MetaMethod.doMethodInvoke(Ljava/lang/Object;[Ljava/lang/Object;)Ljava/lang/Object;+9
j  org.codehaus.groovy.runtime.metaclass.ClosureMetaClass.invokeMethod(Ljava/lang/Class;Ljava/lang/Object;Ljava/lang/String;[Ljava/lang/Object;ZZ)Ljava/lang/Object;+241
J  groovy.lang.MetaClassImpl.invokeMethod(Ljava/lang/Object;Ljava/lang/String;[Ljava/lang/Object;)Ljava/lang/Object;
j  org.codehaus.groovy.runtime.callsite.PogoMetaClassSite.callCurrent(Lgroovy/lang/GroovyObject;[Ljava/lang/Object;)Ljava/lang/Object;+18
j  org.codehaus.groovy.runtime.callsite.AbstractCallSite.callCurrent(Lgroovy/lang/GroovyObject;Ljava/lang/Object;)Ljava/lang/Object;+6
j  org.codehaus.gant.GantBinding$_initializeGantBinding_closure5_closure16_closure18.doCall()Ljava/lang/Object;+16
j  sun.reflect.GeneratedMethodAccessor120.invoke(Ljava/lang/Object;[Ljava/lang/Object;)Ljava/lang/Object;+36
J  java.lang.reflect.Method.invoke(Ljava/lang/Object;[Ljava/lang/Object;)Ljava/lang/Object;
j  com.springsource.loaded.ri.ReflectiveInterceptor.jlrMethodInvoke(Ljava/lang/reflect/Method;Ljava/lang/Object;[Ljava/lang/Object;)Ljava/lang/Object;+1696
J  org.codehaus.groovy.runtime.metaclass.ClosureMetaClass.invokeMethod(Ljava/lang/Class;Ljava/lang/Object;Ljava/lang/String;[Ljava/lang/Object;ZZ)Ljava/lang/Object;
J  groovy.lang.MetaClassImpl.invokeMethod(Ljava/lang/Object;Ljava/lang/String;[Ljava/lang/Object;)Ljava/lang/Object;
j  org.codehaus.groovy.runtime.callsite.PogoMetaClassSite.call(Ljava/lang/Object;[Ljava/lang/Object;)Ljava/lang/Object;+18
j  org.codehaus.groovy.runtime.callsite.AbstractCallSite.call(Ljava/lang/Object;)Ljava/lang/Object;+5
j  org.codehaus.gant.GantBinding.withTargetEvent(Ljava/lang/Object;Ljava/lang/Object;Lgroovy/lang/Closure;)Ljava/lang/Object;+157
j  org.codehaus.gant.GantBinding.this$4$withTargetEvent(Ljava/lang/Object;Ljava/lang/Object;Lgroovy/lang/Closure;)Ljava/lang/Object;+4
j  sun.reflect.GeneratedMethodAccessor115.invoke(Ljava/lang/Object;[Ljava/lang/Object;)Ljava/lang/Object;+56
J  java.lang.reflect.Method.invoke(Ljava/lang/Object;[Ljava/lang/Object;)Ljava/lang/Object;
j  com.springsource.loaded.ri.ReflectiveInterceptor.jlrMethodInvoke(Ljava/lang/reflect/Method;Ljava/lang/Object;[Ljava/lang/Object;)Ljava/lang/Object;+1696
J  org.codehaus.groovy.reflection.CachedMethod.invoke(Ljava/lang/Object;[Ljava/lang/Object;)Ljava/lang/Object;
j  groovy.lang.MetaMethod.doMethodInvoke(Ljava/lang/Object;[Ljava/lang/Object;)Ljava/lang/Object;+9
J  org.codehaus.groovy.runtime.metaclass.ClosureMetaClass.invokeMethod(Ljava/lang/Class;Ljava/lang/Object;Ljava/lang/String;[Ljava/lang/Object;ZZ)Ljava/lang/Object;
J  groovy.lang.MetaClassImpl.invokeMethod(Ljava/lang/Object;Ljava/lang/String;[Ljava/lang/Object;)Ljava/lang/Object;
j  org.codehaus.groovy.runtime.callsite.PogoMetaClassSite.callCurrent(Lgroovy/lang/GroovyObject;[Ljava/lang/Object;)Ljava/lang/Object;+18
j  org.codehaus.groovy.runtime.callsite.AbstractCallSite.callCurrent(Lgroovy/lang/GroovyObject;Ljava/lang/Object;Ljava/lang/Object;Ljava/lang/Object;)Ljava/lang/Object;+9
j  org.codehaus.gant.GantBinding$_initializeGantBinding_closure5_closure16.doCall(Ljava/lang/Object;)Ljava/lang/Object;+157
j  sun.reflect.GeneratedMethodAccessor114.invoke(Ljava/lang/Object;[Ljava/lang/Object;)Ljava/lang/Object;+40
J  java.lang.reflect.Method.invoke(Ljava/lang/Object;[Ljava/lang/Object;)Ljava/lang/Object;
j  com.springsource.loaded.ri.ReflectiveInterceptor.jlrMethodInvoke(Ljava/lang/reflect/Method;Ljava/lang/Object;[Ljava/lang/Object;)Ljava/lang/Object;+1696
J  org.codehaus.groovy.runtime.metaclass.ClosureMetaClass.invokeMethod(Ljava/lang/Class;Ljava/lang/Object;Ljava/lang/String;[Ljava/lang/Object;ZZ)Ljava/lang/Object;
J  groovy.lang.MetaClassImpl.invokeMethod(Ljava/lang/Object;Ljava/lang/String;[Ljava/lang/Object;)Ljava/lang/Object;
j  org.codehaus.groovy.runtime.callsite.PogoMetaClassSite.callCurrent(Lgroovy/lang/GroovyObject;[Ljava/lang/Object;)Ljava/lang/Object;+18
j  org.codehaus.groovy.runtime.callsite.AbstractCallSite.callCurrent(Lgroovy/lang/GroovyObject;Ljava/lang/Object;)Ljava/lang/Object;+6
j  org.codehaus.gant.GantBinding$_initializeGantBinding_closure5_closure16.doCall()Ljava/lang/Object;+16
j  sun.reflect.GeneratedMethodAccessor113.invoke(Ljava/lang/Object;[Ljava/lang/Object;)Ljava/lang/Object;+36
J  java.lang.reflect.Method.invoke(Ljava/lang/Object;[Ljava/lang/Object;)Ljava/lang/Object;
j  com.springsource.loaded.ri.ReflectiveInterceptor.jlrMethodInvoke(Ljava/lang/reflect/Method;Ljava/lang/Object;[Ljava/lang/Object;)Ljava/lang/Object;+1696
J  org.codehaus.groovy.runtime.metaclass.ClosureMetaClass.invokeMethod(Ljava/lang/Class;Ljava/lang/Object;Ljava/lang/String;[Ljava/lang/Object;ZZ)Ljava/lang/Object;
J  groovy.lang.MetaClassImpl.invokeMethod(Ljava/lang/Object;Ljava/lang/String;[Ljava/lang/Object;)Ljava/lang/Object;
j  groovy.lang.Closure.call([Ljava/lang/Object;)Ljava/lang/Object;+8
j  groovy.lang.Closure.call()Ljava/lang/Object;+6
v  ~StubRoutines::call_stub
j  sun.reflect.NativeMethodAccessorImpl.invoke0(Ljava/lang/reflect/Method;Ljava/lang/Object;[Ljava/lang/Object;)Ljava/lang/Object;+0
j  sun.reflect.NativeMethodAccessorImpl.invoke(Ljava/lang/Object;[Ljava/lang/Object;)Ljava/lang/Object;+87
J  java.lang.reflect.Method.invoke(Ljava/lang/Object;[Ljava/lang/Object;)Ljava/lang/Object;
j  com.springsource.loaded.ri.ReflectiveInterceptor.jlrMethodInvoke(Ljava/lang/reflect/Method;Ljava/lang/Object;[Ljava/lang/Object;)Ljava/lang/Object;+1696
J  org.codehaus.groovy.reflection.CachedMethod.invoke(Ljava/lang/Object;[Ljava/lang/Object;)Ljava/lang/Object;
j  groovy.lang.MetaMethod.doMethodInvoke(Ljava/lang/Object;[Ljava/lang/Object;)Ljava/lang/Object;+9
J  groovy.lang.MetaClassImpl.invokeMethod(Ljava/lang/Class;Ljava/lang/Object;Ljava/lang/String;[Ljava/lang/Object;ZZ)Ljava/lang/Object;
J  groovy.lang.ExpandoMetaClass.invokeMethod(Ljava/lang/Class;Ljava/lang/Object;Ljava/lang/String;[Ljava/lang/Object;ZZ)Ljava/lang/Object;
J  groovy.lang.MetaClassImpl.invokeMethod(Ljava/lang/Object;Ljava/lang/String;[Ljava/lang/Object;)Ljava/lang/Object;
j  groovy.lang.MetaClassImpl.invokePropertyOrMissing(Ljava/lang/Object;Ljava/lang/String;[Ljava/lang/Object;ZZ)Ljava/lang/Object;+140
J  groovy.lang.MetaClassImpl.invokeMethod(Ljava/lang/Class;Ljava/lang/Object;Ljava/lang/String;[Ljava/lang/Object;ZZ)Ljava/lang/Object;
J  groovy.lang.MetaClassImpl.invokeMethod(Ljava/lang/Object;Ljava/lang/String;[Ljava/lang/Object;)Ljava/lang/Object;
j  groovy.lang.MetaClassImpl.invokeMethod(Ljava/lang/Object;Ljava/lang/String;Ljava/lang/Object;)Ljava/lang/Object;+56
j  groovy.lang.GroovyObjectSupport.invokeMethod(Ljava/lang/String;Ljava/lang/Object;)Ljava/lang/Object;+7
j  groovy.lang.Script.invokeMethod(Ljava/lang/String;Ljava/lang/Object;)Ljava/lang/Object;+3
J  org.codehaus.groovy.runtime.metaclass.ClosureMetaClass.invokeMethod(Ljava/lang/Class;Ljava/lang/Object;Ljava/lang/String;[Ljava/lang/Object;ZZ)Ljava/lang/Object;
J  groovy.lang.MetaClassImpl.invokeMethod(Ljava/lang/Object;Ljava/lang/String;[Ljava/lang/Object;)Ljava/lang/Object;
j  groovy.lang.DelegatingMetaClass.invokeMethod(Ljava/lang/Object;Ljava/lang/String;[Ljava/lang/Object;)Ljava/lang/Object;+7
j  org.codehaus.gant.GantMetaClass.invokeMethod(Ljava/lang/Object;Ljava/lang/String;[Ljava/lang/Object;)Ljava/lang/Object;+111
j  org.codehaus.groovy.runtime.callsite.PogoMetaClassSite.callCurrent(Lgroovy/lang/GroovyObject;[Ljava/lang/Object;)Ljava/lang/Object;+18
j  org.codehaus.groovy.runtime.callsite.CallSiteArray.defaultCallCurrent(Lorg/codehaus/groovy/runtime/callsite/CallSite;Lgroovy/lang/GroovyObject;[Ljava/lang/Object;)Ljava/lang/Object;+17
j  org.codehaus.groovy.runtime.callsite.AbstractCallSite.callCurrent(Lgroovy/lang/GroovyObject;[Ljava/lang/Object;)Ljava/lang/Object;+3
j  org.codehaus.groovy.runtime.callsite.AbstractCallSite.callCurrent(Lgroovy/lang/GroovyObject;)Ljava/lang/Object;+5
j  _GrailsRun_groovy$_run_closure8.doCall(Ljava/lang/Object;)Ljava/lang/Object;+76
v  ~StubRoutines::call_stub
j  sun.reflect.NativeMethodAccessorImpl.invoke0(Ljava/lang/reflect/Method;Ljava/lang/Object;[Ljava/lang/Object;)Ljava/lang/Object;+0
j  sun.reflect.NativeMethodAccessorImpl.invoke(Ljava/lang/Object;[Ljava/lang/Object;)Ljava/lang/Object;+87
J  java.lang.reflect.Method.invoke(Ljava/lang/Object;[Ljava/lang/Object;)Ljava/lang/Object;
j  com.springsource.loaded.ri.ReflectiveInterceptor.jlrMethodInvoke(Ljava/lang/reflect/Method;Ljava/lang/Object;[Ljava/lang/Object;)Ljava/lang/Object;+1696
J  org.codehaus.groovy.runtime.metaclass.ClosureMetaClass.invokeMethod(Ljava/lang/Class;Ljava/lang/Object;Ljava/lang/String;[Ljava/lang/Object;ZZ)Ljava/lang/Object;
J  groovy.lang.MetaClassImpl.invokeMethod(Ljava/lang/Object;Ljava/lang/String;[Ljava/lang/Object;)Ljava/lang/Object;
j  groovy.lang.DelegatingMetaClass.invokeMethod(Ljava/lang/Object;Ljava/lang/String;[Ljava/lang/Object;)Ljava/lang/Object;+7
j  org.codehaus.gant.GantMetaClass.invokeMethod(Ljava/lang/Object;Ljava/lang/String;[Ljava/lang/Object;)Ljava/lang/Object;+111
j  org.codehaus.groovy.runtime.callsite.PogoMetaClassSite.call(Ljava/lang/Object;[Ljava/lang/Object;)Ljava/lang/Object;+18
j  org.codehaus.groovy.runtime.callsite.CallSiteArray.defaultCall(Lorg/codehaus/groovy/runtime/callsite/CallSite;Ljava/lang/Object;[Ljava/lang/Object;)Ljava/lang/Object;+8
j  org.codehaus.groovy.runtime.callsite.PogoMetaClassSite.call(Ljava/lang/Object;[Ljava/lang/Object;)Ljava/lang/Object;+91
J  org.codehaus.groovy.runtime.callsite.AbstractCallSite.call(Ljava/lang/Object;Ljava/lang/Object;)Ljava/lang/Object;
j  org.codehaus.gant.GantBinding$_initializeGantBinding_closure5_closure16_closure18.doCall(Ljava/lang/Object;)Ljava/lang/Object;+22
j  sun.reflect.GeneratedMethodAccessor121.invoke(Ljava/lang/Object;[Ljava/lang/Object;)Ljava/lang/Object;+40
J  java.lang.reflect.Method.invoke(Ljava/lang/Object;[Ljava/lang/Object;)Ljava/lang/Object;
j  com.springsource.loaded.ri.ReflectiveInterceptor.jlrMethodInvoke(Ljava/lang/reflect/Method;Ljava/lang/Object;[Ljava/lang/Object;)Ljava/lang/Object;+1696
J  org.codehaus.groovy.runtime.metaclass.ClosureMetaClass.invokeMethod(Ljava/lang/Class;Ljava/lang/Object;Ljava/lang/String;[Ljava/lang/Object;ZZ)Ljava/lang/Object;
J  groovy.lang.MetaClassImpl.invokeMethod(Ljava/lang/Object;Ljava/lang/String;[Ljava/lang/Object;)Ljava/lang/Object;
j  org.codehaus.groovy.runtime.callsite.PogoMetaClassSite.callCurrent(Lgroovy/lang/GroovyObject;[Ljava/lang/Object;)Ljava/lang/Object;+18
j  org.codehaus.groovy.runtime.callsite.AbstractCallSite.callCurrent(Lgroovy/lang/GroovyObject;Ljava/lang/Object;)Ljava/lang/Object;+6
j  org.codehaus.gant.GantBinding$_initializeGantBinding_closure5_closure16_closure18.doCall()Ljava/lang/Object;+16
j  sun.reflect.GeneratedMethodAccessor120.invoke(Ljava/lang/Object;[Ljava/lang/Object;)Ljava/lang/Object;+36
J  java.lang.reflect.Method.invoke(Ljava/lang/Object;[Ljava/lang/Object;)Ljava/lang/Object;
j  com.springsource.loaded.ri.ReflectiveInterceptor.jlrMethodInvoke(Ljava/lang/reflect/Method;Ljava/lang/Object;[Ljava/lang/Object;)Ljava/lang/Object;+1696
J  org.codehaus.groovy.runtime.metaclass.ClosureMetaClass.invokeMethod(Ljava/lang/Class;Ljava/lang/Object;Ljava/lang/String;[Ljava/lang/Object;ZZ)Ljava/lang/Object;
J  groovy.lang.MetaClassImpl.invokeMethod(Ljava/lang/Object;Ljava/lang/String;[Ljava/lang/Object;)Ljava/lang/Object;
j  org.codehaus.groovy.runtime.callsite.PogoMetaClassSite.call(Ljava/lang/Object;[Ljava/lang/Object;)Ljava/lang/Object;+18
j  org.codehaus.groovy.runtime.callsite.AbstractCallSite.call(Ljava/lang/Object;)Ljava/lang/Object;+5
j  org.codehaus.gant.GantBinding.withTargetEvent(Ljava/lang/Object;Ljava/lang/Object;Lgroovy/lang/Closure;)Ljava/lang/Object;+157
j  org.codehaus.gant.GantBinding.this$4$withTargetEvent(Ljava/lang/Object;Ljava/lang/Object;Lgroovy/lang/Closure;)Ljava/lang/Object;+4
j  sun.reflect.GeneratedMethodAccessor115.invoke(Ljava/lang/Object;[Ljava/lang/Object;)Ljava/lang/Object;+56
J  java.lang.reflect.Method.invoke(Ljava/lang/Object;[Ljava/lang/Object;)Ljava/lang/Object;
j  com.springsource.loaded.ri.ReflectiveInterceptor.jlrMethodInvoke(Ljava/lang/reflect/Method;Ljava/lang/Object;[Ljava/lang/Object;)Ljava/lang/Object;+1696
J  org.codehaus.groovy.reflection.CachedMethod.invoke(Ljava/lang/Object;[Ljava/lang/Object;)Ljava/lang/Object;
j  groovy.lang.MetaMethod.doMethodInvoke(Ljava/lang/Object;[Ljava/lang/Object;)Ljava/lang/Object;+9
J  org.codehaus.groovy.runtime.metaclass.ClosureMetaClass.invokeMethod(Ljava/lang/Class;Ljava/lang/Object;Ljava/lang/String;[Ljava/lang/Object;ZZ)Ljava/lang/Object;
J  groovy.lang.MetaClassImpl.invokeMethod(Ljava/lang/Object;Ljava/lang/String;[Ljava/lang/Object;)Ljava/lang/Object;
j  org.codehaus.groovy.runtime.callsite.PogoMetaClassSite.callCurrent(Lgroovy/lang/GroovyObject;[Ljava/lang/Object;)Ljava/lang/Object;+18
j  org.codehaus.groovy.runtime.callsite.AbstractCallSite.callCurrent(Lgroovy/lang/GroovyObject;Ljava/lang/Object;Ljava/lang/Object;Ljava/lang/Object;)Ljava/lang/Object;+9
j  org.codehaus.gant.GantBinding$_initializeGantBinding_closure5_closure16.doCall(Ljava/lang/Object;)Ljava/lang/Object;+157
j  sun.reflect.GeneratedMethodAccessor114.invoke(Ljava/lang/Object;[Ljava/lang/Object;)Ljava/lang/Object;+40
J  java.lang.reflect.Method.invoke(Ljava/lang/Object;[Ljava/lang/Object;)Ljava/lang/Object;
j  com.springsource.loaded.ri.ReflectiveInterceptor.jlrMethodInvoke(Ljava/lang/reflect/Method;Ljava/lang/Object;[Ljava/lang/Object;)Ljava/lang/Object;+1696
J  org.codehaus.groovy.runtime.metaclass.ClosureMetaClass.invokeMethod(Ljava/lang/Class;Ljava/lang/Object;Ljava/lang/String;[Ljava/lang/Object;ZZ)Ljava/lang/Object;
J  groovy.lang.MetaClassImpl.invokeMethod(Ljava/lang/Object;Ljava/lang/String;[Ljava/lang/Object;)Ljava/lang/Object;
j  org.codehaus.groovy.runtime.callsite.PogoMetaClassSite.callCurrent(Lgroovy/lang/GroovyObject;[Ljava/lang/Object;)Ljava/lang/Object;+18
j  org.codehaus.groovy.runtime.callsite.AbstractCallSite.callCurrent(Lgroovy/lang/GroovyObject;Ljava/lang/Object;)Ljava/lang/Object;+6
j  org.codehaus.gant.GantBinding$_initializeGantBinding_closure5_closure16.doCall()Ljava/lang/Object;+16
j  sun.reflect.GeneratedMethodAccessor113.invoke(Ljava/lang/Object;[Ljava/lang/Object;)Ljava/lang/Object;+36
J  java.lang.reflect.Method.invoke(Ljava/lang/Object;[Ljava/lang/Object;)Ljava/lang/Object;
j  com.springsource.loaded.ri.ReflectiveInterceptor.jlrMethodInvoke(Ljava/lang/reflect/Method;Ljava/lang/Object;[Ljava/lang/Object;)Ljava/lang/Object;+1696
J  org.codehaus.groovy.runtime.metaclass.ClosureMetaClass.invokeMethod(Ljava/lang/Class;Ljava/lang/Object;Ljava/lang/String;[Ljava/lang/Object;ZZ)Ljava/lang/Object;
J  groovy.lang.MetaClassImpl.invokeMethod(Ljava/lang/Object;Ljava/lang/String;[Ljava/lang/Object;)Ljava/lang/Object;
j  groovy.lang.Closure.call([Ljava/lang/Object;)Ljava/lang/Object;+8
j  groovy.lang.Closure.call()Ljava/lang/Object;+6
v  ~StubRoutines::call_stub
j  sun.reflect.NativeMethodAccessorImpl.invoke0(Ljava/lang/reflect/Method;Ljava/lang/Object;[Ljava/lang/Object;)Ljava/lang/Object;+0
j  sun.reflect.NativeMethodAccessorImpl.invoke(Ljava/lang/Object;[Ljava/lang/Object;)Ljava/lang/Object;+87
J  java.lang.reflect.Method.invoke(Ljava/lang/Object;[Ljava/lang/Object;)Ljava/lang/Object;
j  com.springsource.loaded.ri.ReflectiveInterceptor.jlrMethodInvoke(Ljava/lang/reflect/Method;Ljava/lang/Object;[Ljava/lang/Object;)Ljava/lang/Object;+1696
J  org.codehaus.groovy.reflection.CachedMethod.invoke(Ljava/lang/Object;[Ljava/lang/Object;)Ljava/lang/Object;
j  groovy.lang.MetaMethod.doMethodInvoke(Ljava/lang/Object;[Ljava/lang/Object;)Ljava/lang/Object;+9
J  groovy.lang.MetaClassImpl.invokeMethod(Ljava/lang/Class;Ljava/lang/Object;Ljava/lang/String;[Ljava/lang/Object;ZZ)Ljava/lang/Object;
J  groovy.lang.ExpandoMetaClass.invokeMethod(Ljava/lang/Class;Ljava/lang/Object;Ljava/lang/String;[Ljava/lang/Object;ZZ)Ljava/lang/Object;
J  groovy.lang.MetaClassImpl.invokeMethod(Ljava/lang/Object;Ljava/lang/String;[Ljava/lang/Object;)Ljava/lang/Object;
j  groovy.lang.MetaClassImpl.invokePropertyOrMissing(Ljava/lang/Object;Ljava/lang/String;[Ljava/lang/Object;ZZ)Ljava/lang/Object;+140
J  groovy.lang.MetaClassImpl.invokeMethod(Ljava/lang/Class;Ljava/lang/Object;Ljava/lang/String;[Ljava/lang/Object;ZZ)Ljava/lang/Object;
J  groovy.lang.MetaClassImpl.invokeMethod(Ljava/lang/Object;Ljava/lang/String;[Ljava/lang/Object;)Ljava/lang/Object;
j  groovy.lang.MetaClassImpl.invokeMethod(Ljava/lang/Object;Ljava/lang/String;Ljava/lang/Object;)Ljava/lang/Object;+56
j  groovy.lang.GroovyObjectSupport.invokeMethod(Ljava/lang/String;Ljava/lang/Object;)Ljava/lang/Object;+7
j  groovy.lang.Script.invokeMethod(Ljava/lang/String;Ljava/lang/Object;)Ljava/lang/Object;+3
J  org.codehaus.groovy.runtime.metaclass.ClosureMetaClass.invokeMethod(Ljava/lang/Class;Ljava/lang/Object;Ljava/lang/String;[Ljava/lang/Object;ZZ)Ljava/lang/Object;
J  groovy.lang.MetaClassImpl.invokeMethod(Ljava/lang/Object;Ljava/lang/String;[Ljava/lang/Object;)Ljava/lang/Object;
j  groovy.lang.DelegatingMetaClass.invokeMethod(Ljava/lang/Object;Ljava/lang/String;[Ljava/lang/Object;)Ljava/lang/Object;+7
j  org.codehaus.gant.GantMetaClass.invokeMethod(Ljava/lang/Object;Ljava/lang/String;[Ljava/lang/Object;)Ljava/lang/Object;+111
j  org.codehaus.groovy.runtime.callsite.PogoMetaClassSite.callCurrent(Lgroovy/lang/GroovyObject;[Ljava/lang/Object;)Ljava/lang/Object;+18
j  org.codehaus.groovy.runtime.callsite.CallSiteArray.defaultCallCurrent(Lorg/codehaus/groovy/runtime/callsite/CallSite;Lgroovy/lang/GroovyObject;[Ljava/lang/Object;)Ljava/lang/Object;+17
j  org.codehaus.groovy.runtime.callsite.AbstractCallSite.callCurrent(Lgroovy/lang/GroovyObject;[Ljava/lang/Object;)Ljava/lang/Object;+3
j  org.codehaus.groovy.runtime.callsite.AbstractCallSite.callCurrent(Lgroovy/lang/GroovyObject;)Ljava/lang/Object;+5
j  RunApp$_run_closure1.doCall(Ljava/lang/Object;)Ljava/lang/Object;+110
v  ~StubRoutines::call_stub
j  sun.reflect.NativeMethodAccessorImpl.invoke0(Ljava/lang/reflect/Method;Ljava/lang/Object;[Ljava/lang/Object;)Ljava/lang/Object;+0
j  sun.reflect.NativeMethodAccessorImpl.invoke(Ljava/lang/Object;[Ljava/lang/Object;)Ljava/lang/Object;+87
J  java.lang.reflect.Method.invoke(Ljava/lang/Object;[Ljava/lang/Object;)Ljava/lang/Object;
J  com.springsource.loaded.ri.ReflectiveInterceptor.jlrMethodInvoke(Ljava/lang/reflect/Method;Ljava/lang/Object;[Ljava/lang/Object;)Ljava/lang/Object;
J  org.codehaus.groovy.runtime.metaclass.ClosureMetaClass.invokeMethod(Ljava/lang/Class;Ljava/lang/Object;Ljava/lang/String;[Ljava/lang/Object;ZZ)Ljava/lang/Object;
J  groovy.lang.DelegatingMetaClass.invokeMethod(Ljava/lang/Object;Ljava/lang/String;[Ljava/lang/Object;)Ljava/lang/Object;
j  org.codehaus.gant.GantMetaClass.invokeMethod(Ljava/lang/Object;Ljava/lang/String;[Ljava/lang/Object;)Ljava/lang/Object;+111
j  org.codehaus.groovy.runtime.callsite.PogoMetaClassSite.call(Ljava/lang/Object;[Ljava/lang/Object;)Ljava/lang/Object;+18
j  org.codehaus.groovy.runtime.callsite.CallSiteArray.defaultCall(Lorg/codehaus/groovy/runtime/callsite/CallSite;Ljava/lang/Object;[Ljava/lang/Object;)Ljava/lang/Object;+8
j  org.codehaus.groovy.runtime.callsite.PogoMetaClassSite.call(Ljava/lang/Object;[Ljava/lang/Object;)Ljava/lang/Object;+91
J  org.codehaus.groovy.runtime.callsite.AbstractCallSite.call(Ljava/lang/Object;Ljava/lang/Object;)Ljava/lang/Object;
j  org.codehaus.gant.GantBinding$_initializeGantBinding_closure5_closure16_closure18.doCall(Ljava/lang/Object;)Ljava/lang/Object;+22
j  sun.reflect.GeneratedMethodAccessor121.invoke(Ljava/lang/Object;[Ljava/lang/Object;)Ljava/lang/Object;+40
J  java.lang.reflect.Method.invoke(Ljava/lang/Object;[Ljava/lang/Object;)Ljava/lang/Object;
J  com.springsource.loaded.ri.ReflectiveInterceptor.jlrMethodInvoke(Ljava/lang/reflect/Method;Ljava/lang/Object;[Ljava/lang/Object;)Ljava/lang/Object;
J  org.codehaus.groovy.runtime.metaclass.ClosureMetaClass.invokeMethod(Ljava/lang/Class;Ljava/lang/Object;Ljava/lang/String;[Ljava/lang/Object;ZZ)Ljava/lang/Object;
j  groovy.lang.MetaClassImpl.invokeMethod(Ljava/lang/Object;Ljava/lang/String;[Ljava/lang/Object;)Ljava/lang/Object;+10
j  org.codehaus.groovy.runtime.callsite.PogoMetaClassSite.callCurrent(Lgroovy/lang/GroovyObject;[Ljava/lang/Object;)Ljava/lang/Object;+18
j  org.codehaus.groovy.runtime.callsite.AbstractCallSite.callCurrent(Lgroovy/lang/GroovyObject;Ljava/lang/Object;)Ljava/lang/Object;+6
j  org.codehaus.gant.GantBinding$_initializeGantBinding_closure5_closure16_closure18.doCall()Ljava/lang/Object;+16
j  sun.reflect.GeneratedMethodAccessor120.invoke(Ljava/lang/Object;[Ljava/lang/Object;)Ljava/lang/Object;+36
J  java.lang.reflect.Method.invoke(Ljava/lang/Object;[Ljava/lang/Object;)Ljava/lang/Object;
J  com.springsource.loaded.ri.ReflectiveInterceptor.jlrMethodInvoke(Ljava/lang/reflect/Method;Ljava/lang/Object;[Ljava/lang/Object;)Ljava/lang/Object;
J  org.codehaus.groovy.runtime.metaclass.ClosureMetaClass.invokeMethod(Ljava/lang/Class;Ljava/lang/Object;Ljava/lang/String;[Ljava/lang/Object;ZZ)Ljava/lang/Object;
j  groovy.lang.MetaClassImpl.invokeMethod(Ljava/lang/Object;Ljava/lang/String;[Ljava/lang/Object;)Ljava/lang/Object;+10
j  org.codehaus.groovy.runtime.callsite.PogoMetaClassSite.call(Ljava/lang/Object;[Ljava/lang/Object;)Ljava/lang/Object;+18
j  org.codehaus.groovy.runtime.callsite.AbstractCallSite.call(Ljava/lang/Object;)Ljava/lang/Object;+5
j  org.codehaus.gant.GantBinding.withTargetEvent(Ljava/lang/Object;Ljava/lang/Object;Lgroovy/lang/Closure;)Ljava/lang/Object;+157
j  org.codehaus.gant.GantBinding.this$4$withTargetEvent(Ljava/lang/Object;Ljava/lang/Object;Lgroovy/lang/Closure;)Ljava/lang/Object;+4
j  sun.reflect.GeneratedMethodAccessor115.invoke(Ljava/lang/Object;[Ljava/lang/Object;)Ljava/lang/Object;+56
J  java.lang.reflect.Method.invoke(Ljava/lang/Object;[Ljava/lang/Object;)Ljava/lang/Object;
J  com.springsource.loaded.ri.ReflectiveInterceptor.jlrMethodInvoke(Ljava/lang/reflect/Method;Ljava/lang/Object;[Ljava/lang/Object;)Ljava/lang/Object;
J  org.codehaus.groovy.reflection.CachedMethod.invoke(Ljava/lang/Object;[Ljava/lang/Object;)Ljava/lang/Object;
j  groovy.lang.MetaMethod.doMethodInvoke(Ljava/lang/Object;[Ljava/lang/Object;)Ljava/lang/Object;+9
J  org.codehaus.groovy.runtime.metaclass.ClosureMetaClass.invokeMethod(Ljava/lang/Class;Ljava/lang/Object;Ljava/lang/String;[Ljava/lang/Object;ZZ)Ljava/lang/Object;
j  groovy.lang.MetaClassImpl.invokeMethod(Ljava/lang/Object;Ljava/lang/String;[Ljava/lang/Object;)Ljava/lang/Object;+10
j  org.codehaus.groovy.runtime.callsite.PogoMetaClassSite.callCurrent(Lgroovy/lang/GroovyObject;[Ljava/lang/Object;)Ljava/lang/Object;+18
j  org.codehaus.groovy.runtime.callsite.AbstractCallSite.callCurrent(Lgroovy/lang/GroovyObject;Ljava/lang/Object;Ljava/lang/Object;Ljava/lang/Object;)Ljava/lang/Object;+9
j  org.codehaus.gant.GantBinding$_initializeGantBinding_closure5_closure16.doCall(Ljava/lang/Object;)Ljava/lang/Object;+157
j  sun.reflect.GeneratedMethodAccessor114.invoke(Ljava/lang/Object;[Ljava/lang/Object;)Ljava/lang/Object;+40
J  java.lang.reflect.Method.invoke(Ljava/lang/Object;[Ljava/lang/Object;)Ljava/lang/Object;
J  com.springsource.loaded.ri.ReflectiveInterceptor.jlrMethodInvoke(Ljava/lang/reflect/Method;Ljava/lang/Object;[Ljava/lang/Object;)Ljava/lang/Object;
J  org.codehaus.groovy.runtime.metaclass.ClosureMetaClass.invokeMethod(Ljava/lang/Class;Ljava/lang/Object;Ljava/lang/String;[Ljava/lang/Object;ZZ)Ljava/lang/Object;
j  groovy.lang.MetaClassImpl.invokeMethod(Ljava/lang/Object;Ljava/lang/String;[Ljava/lang/Object;)Ljava/lang/Object;+10
j  org.codehaus.groovy.runtime.callsite.PogoMetaClassSite.callCurrent(Lgroovy/lang/GroovyObject;[Ljava/lang/Object;)Ljava/lang/Object;+18
j  org.codehaus.groovy.runtime.callsite.AbstractCallSite.callCurrent(Lgroovy/lang/GroovyObject;Ljava/lang/Object;)Ljava/lang/Object;+6
j  org.codehaus.gant.GantBinding$_initializeGantBinding_closure5_closure16.doCall()Ljava/lang/Object;+16
j  sun.reflect.GeneratedMethodAccessor113.invoke(Ljava/lang/Object;[Ljava/lang/Object;)Ljava/lang/Object;+36
J  java.lang.reflect.Method.invoke(Ljava/lang/Object;[Ljava/lang/Object;)Ljava/lang/Object;
J  com.springsource.loaded.ri.ReflectiveInterceptor.jlrMethodInvoke(Ljava/lang/reflect/Method;Ljava/lang/Object;[Ljava/lang/Object;)Ljava/lang/Object;
J  org.codehaus.groovy.runtime.metaclass.ClosureMetaClass.invokeMethod(Ljava/lang/Class;Ljava/lang/Object;Ljava/lang/String;[Ljava/lang/Object;ZZ)Ljava/lang/Object;
j  groovy.lang.MetaClassImpl.invokeMethod(Ljava/lang/Object;Ljava/lang/String;[Ljava/lang/Object;)Ljava/lang/Object;+10
j  org.codehaus.groovy.runtime.callsite.PogoMetaClassSite.call(Ljava/lang/Object;[Ljava/lang/Object;)Ljava/lang/Object;+18
j  org.codehaus.groovy.runtime.callsite.AbstractCallSite.call(Ljava/lang/Object;)Ljava/lang/Object;+5
j  gant.Gant$_dispatch_closure5.doCall(Ljava/lang/Object;)Ljava/lang/Object;+69
v  ~StubRoutines::call_stub
j  sun.reflect.NativeMethodAccessorImpl.invoke0(Ljava/lang/reflect/Method;Ljava/lang/Object;[Ljava/lang/Object;)Ljava/lang/Object;+0
j  sun.reflect.NativeMethodAccessorImpl.invoke(Ljava/lang/Object;[Ljava/lang/Object;)Ljava/lang/Object;+87
J  java.lang.reflect.Method.invoke(Ljava/lang/Object;[Ljava/lang/Object;)Ljava/lang/Object;
J  com.springsource.loaded.ri.ReflectiveInterceptor.jlrMethodInvoke(Ljava/lang/reflect/Method;Ljava/lang/Object;[Ljava/lang/Object;)Ljava/lang/Object;
J  org.codehaus.groovy.runtime.metaclass.ClosureMetaClass.invokeMethod(Ljava/lang/Class;Ljava/lang/Object;Ljava/lang/String;[Ljava/lang/Object;ZZ)Ljava/lang/Object;
j  groovy.lang.MetaClassImpl.invokeMethod(Ljava/lang/Object;Ljava/lang/String;[Ljava/lang/Object;)Ljava/lang/Object;+10
j  org.codehaus.groovy.runtime.callsite.PogoMetaClassSite.call(Ljava/lang/Object;[Ljava/lang/Object;)Ljava/lang/Object;+18
J  org.codehaus.groovy.runtime.callsite.AbstractCallSite.call(Ljava/lang/Object;Ljava/lang/Object;)Ljava/lang/Object;
j  gant.Gant$_dispatch_closure7.doCall(Ljava/lang/Object;)Ljava/lang/Object;+22
v  ~StubRoutines::call_stub
j  sun.reflect.NativeMethodAccessorImpl.invoke0(Ljava/lang/reflect/Method;Ljava/lang/Object;[Ljava/lang/Object;)Ljava/lang/Object;+0
j  sun.reflect.NativeMethodAccessorImpl.invoke(Ljava/lang/Object;[Ljava/lang/Object;)Ljava/lang/Object;+87
J  java.lang.reflect.Method.invoke(Ljava/lang/Object;[Ljava/lang/Object;)Ljava/lang/Object;
J  com.springsource.loaded.ri.ReflectiveInterceptor.jlrMethodInvoke(Ljava/lang/reflect/Method;Ljava/lang/Object;[Ljava/lang/Object;)Ljava/lang/Object;
J  org.codehaus.groovy.runtime.metaclass.ClosureMetaClass.invokeMethod(Ljava/lang/Class;Ljava/lang/Object;Ljava/lang/String;[Ljava/lang/Object;ZZ)Ljava/lang/Object;
j  groovy.lang.MetaClassImpl.invokeMethod(Ljava/lang/Object;Ljava/lang/String;[Ljava/lang/Object;)Ljava/lang/Object;+10
j  org.codehaus.groovy.runtime.callsite.PogoMetaClassSite.callCurrent(Lgroovy/lang/GroovyObject;[Ljava/lang/Object;)Ljava/lang/Object;+18
j  org.codehaus.groovy.runtime.callsite.AbstractCallSite.callCurrent(Lgroovy/lang/GroovyObject;Ljava/lang/Object;)Ljava/lang/Object;+6
j  gant.Gant$_dispatch_closure7.doCall()Ljava/lang/Object;+16
v  ~StubRoutines::call_stub
j  sun.reflect.NativeMethodAccessorImpl.invoke0(Ljava/lang/reflect/Method;Ljava/lang/Object;[Ljava/lang/Object;)Ljava/lang/Object;+0
j  sun.reflect.NativeMethodAccessorImpl.invoke(Ljava/lang/Object;[Ljava/lang/Object;)Ljava/lang/Object;+87
J  java.lang.reflect.Method.invoke(Ljava/lang/Object;[Ljava/lang/Object;)Ljava/lang/Object;
J  com.springsource.loaded.ri.ReflectiveInterceptor.jlrMethodInvoke(Ljava/lang/reflect/Method;Ljava/lang/Object;[Ljava/lang/Object;)Ljava/lang/Object;
J  org.codehaus.groovy.runtime.metaclass.ClosureMetaClass.invokeMethod(Ljava/lang/Class;Ljava/lang/Object;Ljava/lang/String;[Ljava/lang/Object;ZZ)Ljava/lang/Object;
j  groovy.lang.MetaClassImpl.invokeMethod(Ljava/lang/Object;Ljava/lang/String;[Ljava/lang/Object;)Ljava/lang/Object;+10
j  org.codehaus.groovy.runtime.callsite.PogoMetaClassSite.call(Ljava/lang/Object;[Ljava/lang/Object;)Ljava/lang/Object;+18
j  org.codehaus.groovy.runtime.callsite.AbstractCallSite.call(Ljava/lang/Object;)Ljava/lang/Object;+5
j  gant.Gant.withBuildListeners(Lgroovy/lang/Closure;)Ljava/lang/Object;+125
j  gant.Gant.this$2$withBuildListeners(Lgroovy/lang/Closure;)Ljava/lang/Object;+2
j  gant.Gant$this$2$withBuildListeners.callCurrent(Lgroovy/lang/GroovyObject;[Ljava/lang/Object;)Ljava/lang/Object;+19
j  org.codehaus.groovy.runtime.callsite.CallSiteArray.defaultCallCurrent(Lorg/codehaus/groovy/runtime/callsite/CallSite;Lgroovy/lang/GroovyObject;[Ljava/lang/Object;)Ljava/lang/Object;+17
j  gant.Gant$this$2$withBuildListeners.callCurrent(Lgroovy/lang/GroovyObject;Ljava/lang/Object;)Ljava/lang/Object;+27
j  gant.Gant.dispatch(Ljava/util/List;)Ljava/lang/Integer;+337
j  gant.Gant.this$2$dispatch(Ljava/util/List;)Ljava/lang/Integer;+2
v  ~StubRoutines::call_stub
j  sun.reflect.NativeMethodAccessorImpl.invoke0(Ljava/lang/reflect/Method;Ljava/lang/Object;[Ljava/lang/Object;)Ljava/lang/Object;+0
j  sun.reflect.NativeMethodAccessorImpl.invoke(Ljava/lang/Object;[Ljava/lang/Object;)Ljava/lang/Object;+87
J  java.lang.reflect.Method.invoke(Ljava/lang/Object;[Ljava/lang/Object;)Ljava/lang/Object;
J  com.springsource.loaded.ri.ReflectiveInterceptor.jlrMethodInvoke(Ljava/lang/reflect/Method;Ljava/lang/Object;[Ljava/lang/Object;)Ljava/lang/Object;
J  org.codehaus.groovy.reflection.CachedMethod.invoke(Ljava/lang/Object;[Ljava/lang/Object;)Ljava/lang/Object;
j  groovy.lang.MetaMethod.doMethodInvoke(Ljava/lang/Object;[Ljava/lang/Object;)Ljava/lang/Object;+9
j  groovy.lang.MetaClassImpl.invokeMethod(Ljava/lang/Class;Ljava/lang/Object;Ljava/lang/String;[Ljava/lang/Object;ZZ)Ljava/lang/Object;+1036
j  groovy.lang.MetaClassImpl.invokeMethod(Ljava/lang/Object;Ljava/lang/String;[Ljava/lang/Object;)Ljava/lang/Object;+10
j  groovy.lang.MetaClassImpl.invokeMethod(Ljava/lang/Object;Ljava/lang/String;Ljava/lang/Object;)Ljava/lang/Object;+71
j  gant.Gant.invokeMethod(Ljava/lang/String;Ljava/lang/Object;)Ljava/lang/Object;+7
j  groovy.lang.GroovyObject$invokeMethod.callCurrent(Lgroovy/lang/GroovyObject;[Ljava/lang/Object;)Ljava/lang/Object;+22
j  org.codehaus.groovy.runtime.callsite.CallSiteArray.defaultCallCurrent(Lorg/codehaus/groovy/runtime/callsite/CallSite;Lgroovy/lang/GroovyObject;[Ljava/lang/Object;)Ljava/lang/Object;+17
j  groovy.lang.GroovyObject$invokeMethod.callCurrent(Lgroovy/lang/GroovyObject;Ljava/lang/Object;Ljava/lang/Object;)Ljava/lang/Object;+32
j  gant.Gant.executeTargets(Ljava/lang/String;Ljava/util/List;)Ljava/lang/Integer;+12
v  ~StubRoutines::call_stub
j  sun.reflect.NativeMethodAccessorImpl.invoke0(Ljava/lang/reflect/Method;Ljava/lang/Object;[Ljava/lang/Object;)Ljava/lang/Object;+0
j  sun.reflect.NativeMethodAccessorImpl.invoke(Ljava/lang/Object;[Ljava/lang/Object;)Ljava/lang/Object;+87
J  java.lang.reflect.Method.invoke(Ljava/lang/Object;[Ljava/lang/Object;)Ljava/lang/Object;
J  com.springsource.loaded.ri.ReflectiveInterceptor.jlrMethodInvoke(Ljava/lang/reflect/Method;Ljava/lang/Object;[Ljava/lang/Object;)Ljava/lang/Object;
j  org.codehaus.groovy.runtime.callsite.PogoMetaMethodSite$PogoCachedMethodSite.invoke(Ljava/lang/Object;[Ljava/lang/Object;)Ljava/lang/Object;+19
j  org.codehaus.groovy.runtime.callsite.PogoMetaMethodSite.callCurrent(Lgroovy/lang/GroovyObject;[Ljava/lang/Object;)Ljava/lang/Object;+12
j  org.codehaus.groovy.runtime.callsite.CallSiteArray.defaultCallCurrent(Lorg/codehaus/groovy/runtime/callsite/CallSite;Lgroovy/lang/GroovyObject;[Ljava/lang/Object;)Ljava/lang/Object;+17
j  org.codehaus.groovy.runtime.callsite.PogoMetaMethodSite.callCurrent(Lgroovy/lang/GroovyObject;[Ljava/lang/Object;)Ljava/lang/Object;+25
j  org.codehaus.groovy.runtime.callsite.AbstractCallSite.callCurrent(Lgroovy/lang/GroovyObject;Ljava/lang/Object;Ljava/lang/Object;)Ljava/lang/Object;+7
j  gant.Gant.executeTargets()Ljava/lang/Integer;+32
j  org.codehaus.groovy.grails.cli.GrailsScriptRunner.executeWithGantInstance(Lgant/Gant;Lgroovy/lang/Closure;)Lorg/codehaus/groovy/grails/cli/GrailsScriptRunner$GantResult;+29
j  org.codehaus.groovy.grails.cli.GrailsScriptRunner.executeScriptFile(Lorg/codehaus/groovy/grails/cli/parsing/CommandLine;Ljava/lang/String;Ljava/lang/String;Lorg/codehaus/gant/GantBinding;Lorg/springframework/core/io/Resource;)I+104
j  org.codehaus.groovy.grails.cli.GrailsScriptRunner.executeScriptWithCaching(Lorg/codehaus/groovy/grails/cli/parsing/CommandLine;Ljava/lang/String;Ljava/lang/String;)I+242
j  org.codehaus.groovy.grails.cli.GrailsScriptRunner.executeScriptWithCaching(Lorg/codehaus/groovy/grails/cli/parsing/CommandLine;)I+34
j  org.codehaus.groovy.grails.cli.GrailsScriptRunner$executeScriptWithCaching.call(Ljava/lang/Object;Ljava/lang/Object;)Ljava/lang/Object;+17
j  org.codehaus.groovy.grails.cli.interactive.InteractiveMode.run()V+1074
j  org.codehaus.groovy.grails.cli.GrailsScriptRunner.main([Ljava/lang/String;)V+462
v  ~StubRoutines::call_stub
j  sun.reflect.NativeMethodAccessorImpl.invoke0(Ljava/lang/reflect/Method;Ljava/lang/Object;[Ljava/lang/Object;)Ljava/lang/Object;+0
j  sun.reflect.NativeMethodAccessorImpl.invoke(Ljava/lang/Object;[Ljava/lang/Object;)Ljava/lang/Object;+87
j  sun.reflect.DelegatingMethodAccessorImpl.invoke(Ljava/lang/Object;[Ljava/lang/Object;)Ljava/lang/Object;+6
j  java.lang.reflect.Method.invoke(Ljava/lang/Object;[Ljava/lang/Object;)Ljava/lang/Object;+161
j  com.springsource.loaded.ri.ReflectiveInterceptor.jlrMethodInvoke(Ljava/lang/reflect/Method;Ljava/lang/Object;[Ljava/lang/Object;)Ljava/lang/Object;+1696
j  org.codehaus.groovy.grails.cli.support.GrailsStarter.rootLoader([Ljava/lang/String;)V+1246
j  org.codehaus.groovy.grails.cli.support.GrailsStarter.main([Ljava/lang/String;)V+1
v  ~StubRoutines::call_stub

---------------  P R O C E S S  ---------------

Java Threads: ( => current thread )
  0x867ae000 JavaThread "Thread-19" daemon [_thread_blocked, id=7037, stack(0x7e52d000,0x7e57e000)]
  0x81665000 JavaThread "Thread-18" daemon [_thread_blocked, id=7022, stack(0x7e57e000,0x7e5cf000)]
  0x0cba7400 JavaThread ""http-bio-8080"-exec-10" daemon [_thread_blocked, id=7007, stack(0x7e5cf000,0x7e620000)]
  0x0cba7000 JavaThread ""http-bio-8080"-exec-9" daemon [_thread_blocked, id=7006, stack(0x7e620000,0x7e671000)]
  0x0cba8400 JavaThread ""http-bio-8080"-exec-8" daemon [_thread_blocked, id=7005, stack(0x7e671000,0x7e6c2000)]
  0x0a43ec00 JavaThread ""http-bio-8080"-exec-7" daemon [_thread_blocked, id=7004, stack(0x7e6c2000,0x7e713000)]
  0x0a43e400 JavaThread ""http-bio-8080"-exec-6" daemon [_thread_blocked, id=7003, stack(0x7e713000,0x7e764000)]
  0x0b259800 JavaThread ""http-bio-8080"-exec-5" daemon [_thread_blocked, id=7002, stack(0x7e764000,0x7e7b5000)]
  0x0b259400 JavaThread ""http-bio-8080"-exec-4" daemon [_thread_blocked, id=6999, stack(0x7e7b5000,0x7e806000)]
  0x0a006400 JavaThread ""http-bio-8080"-exec-3" daemon [_thread_blocked, id=6998, stack(0x7e806000,0x7e857000)]
  0x8642cc00 JavaThread ""http-bio-8080"-exec-2" daemon [_thread_blocked, id=6997, stack(0x7e857000,0x7e8a8000)]
  0x0c99cc00 JavaThread ""http-bio-8080"-exec-1" daemon [_thread_blocked, id=6996, stack(0x7e8a8000,0x7e8f9000)]
  0x0aae9000 JavaThread "Thread-17" [_thread_in_native, id=6994, stack(0x7e8f9000,0x7e94a000)]
  0x0aae8800 JavaThread "Thread-16" daemon [_thread_blocked, id=6993, stack(0x7e94a000,0x7e99b000)]
  0x0c6e9800 JavaThread ""http-bio-8080"-AsyncTimeout" daemon [_thread_blocked, id=6992, stack(0x7e99b000,0x7e9ec000)]
  0x0b581c00 JavaThread ""http-bio-8080"-Acceptor-0" daemon [_thread_in_native, id=6991, stack(0x7e9ec000,0x7ea3d000)]
  0x0cdb1c00 JavaThread "ContainerBackgroundProcessor[StandardEngine[Tomcat]]" daemon [_thread_blocked, id=6990, stack(0x7eb9f000,0x7ebf0000)]
  0x86842000 JavaThread "org.hibernate.cache.StandardQueryCache.data" daemon [_thread_blocked, id=6988, stack(0x7ea5b000,0x7eaac000)]
  0x83d5e400 JavaThread "org.hibernate.cache.UpdateTimestampsCache.data" daemon [_thread_blocked, id=6987, stack(0x7eaac000,0x7eafd000)]
  0x835a2c00 JavaThread "general.Rol.data" daemon [_thread_blocked, id=6985, stack(0x7eafd000,0x7eb4e000)]
  0x8507fc00 JavaThread "net.sf.ehcache.CacheManager@1f3bd93" daemon [_thread_blocked, id=6984, stack(0x7eb4e000,0x7eb9f000)]
  0x0b050000 JavaThread "pool-22-thread-5" [_thread_blocked, id=6977, stack(0x7ebf0000,0x7ec41000)]
  0x0a88c400 JavaThread "pool-22-thread-4" [_thread_blocked, id=6976, stack(0x7ec41000,0x7ec92000)]
  0x0a88b400 JavaThread "pool-22-thread-3" [_thread_blocked, id=6975, stack(0x7ec92000,0x7ece3000)]
  0x0b7a5400 JavaThread "pool-22-thread-2" [_thread_blocked, id=6974, stack(0x7ece3000,0x7ed34000)]
  0x0b7a5000 JavaThread "pool-22-thread-1" [_thread_blocked, id=6973, stack(0x7ed34000,0x7ed85000)]
  0x0c395000 JavaThread "pool-21-thread-5" [_thread_blocked, id=6966, stack(0x7ed85000,0x7edd6000)]
  0x0b4f9400 JavaThread "pool-21-thread-4" [_thread_blocked, id=6965, stack(0x7edd6000,0x7ee27000)]
  0x0c551c00 JavaThread "pool-21-thread-3" [_thread_blocked, id=6964, stack(0x7ee27000,0x7ee78000)]
  0x0b4f9c00 JavaThread "pool-21-thread-2" [_thread_blocked, id=6963, stack(0x7ee78000,0x7eec9000)]
  0x0a01c000 JavaThread "pool-21-thread-1" [_thread_blocked, id=6962, stack(0x7eec9000,0x7ef1a000)]
  0x85ace000 JavaThread "pool-20-thread-1" [_thread_blocked, id=6959, stack(0x7ef1a000,0x7ef6b000)]
  0x86ae3400 JavaThread "pool-18-thread-1" [_thread_blocked, id=6953, stack(0x7ef6b000,0x7efbc000)]
  0x86ae5400 JavaThread "pool-16-thread-1" [_thread_blocked, id=6948, stack(0x7efbc000,0x7f00d000)]
  0x0ade5c00 JavaThread "pool-14-thread-1" [_thread_blocked, id=6935, stack(0x7f00d000,0x7f05e000)]
  0x0a27b400 JavaThread "pool-12-thread-1" [_thread_blocked, id=6929, stack(0x7f05e000,0x7f0af000)]
  0x84ac3800 JavaThread "pool-10-thread-1" [_thread_blocked, id=6910, stack(0x7f0af000,0x7f100000)]
  0x86827c00 JavaThread "pool-8-thread-1" [_thread_blocked, id=6904, stack(0x7f80d000,0x7f85e000)]
  0x8684d400 JavaThread "pool-6-thread-1" [_thread_blocked, id=6900, stack(0x7f85e000,0x7f8af000)]
  0x81c40400 JavaThread "pool-4-thread-1" [_thread_blocked, id=6897, stack(0x7f8af000,0x7f900000)]
  0x0c97f400 JavaThread "Thread-7" daemon [_thread_blocked, id=6884, stack(0x8230d000,0x8235e000)]
  0x0b585000 JavaThread "pool-2-thread-1" [_thread_blocked, id=6879, stack(0x8235e000,0x823af000)]
  0x0adbf000 JavaThread "Synchronizer (Spring UAA/1.0.1)" daemon [_thread_blocked, id=6878, stack(0x823af000,0x82400000)]
  0x0a075000 JavaThread "Timer-0" daemon [_thread_blocked, id=6876, stack(0x8533e000,0x8538f000)]
  0x09dd4400 JavaThread "Thread-3" daemon [_thread_blocked, id=5977, stack(0x8538f000,0x853e0000)]
  0x0b627800 JavaThread "Thread-2" daemon [_thread_blocked, id=5976, stack(0x86c0f000,0x86c60000)]
  0x09d53800 JavaThread "Low Memory Detector" daemon [_thread_blocked, id=5943, stack(0x86d7f000,0x86dd0000)]
  0x09d58000 JavaThread "C2 CompilerThread1" daemon [_thread_blocked, id=5942, stack(0x86dd0000,0x86e51000)]
  0x09d56000 JavaThread "C2 CompilerThread0" daemon [_thread_blocked, id=5941, stack(0x86e51000,0x86ed2000)]
  0x09d11800 JavaThread "Signal Dispatcher" daemon [_thread_blocked, id=5940, stack(0x86f32000,0x86f83000)]
  0x09d00000 JavaThread "Finalizer" daemon [_thread_blocked, id=5939, stack(0x87183000,0x871d4000)]
  0x09cfe800 JavaThread "Reference Handler" daemon [_thread_blocked, id=5938, stack(0x871d4000,0x87225000)]
=>0x09c7ec00 JavaThread "main" [_thread_in_vm, id=5934, stack(0xb6941000,0xb6992000)]

Other Threads:
  0x09cfac00 VMThread [stack: 0x87225000,0x872a6000] [id=5937]
  0x09d5a800 WatcherThread [stack: 0x86cfe000,0x86d7f000] [id=5944]

VM state:synchronizing (normal execution)

VM Mutex/Monitor currently owned by a thread:  ([mutex/lock_event])
[0x09c7cc40] Threads_lock - owner thread: 0x09cfac00
[0x09c7d050] Heap_lock - owner thread: 0x09dd4400

Heap
 PSYoungGen      total 135424K, used 2363K [0xa8d40000, 0xb1ca0000, 0xb37e0000)
  eden space 125568K, 1% used [0xa8d40000,0xa8f8ee50,0xb07e0000)
  from space 9856K, 0% used [0xb1300000,0xb1300000,0xb1ca0000)
  to   space 10624K, 0% used [0xb07e0000,0xb07e0000,0xb1240000)
 PSOldGen        total 349568K, used 135123K [0x937e0000, 0xa8d40000, 0xa8d40000)
  object space 349568K, 38% used [0x937e0000,0x9bbd4ed0,0xa8d40000)
 PSPermGen       total 196608K, used 196607K [0x877e0000, 0x937e0000, 0x937e0000)
  object space 196608K, 99% used [0x877e0000,0x937dff60,0x937e0000)

Code Cache  [0xb38aa000, 0xb418a000, 0xb68aa000)
 total_blobs=2392 nmethods=1972 adapters=372 free_code_cache=41091904 largest_free_block=14720

Dynamic libraries:
08048000-08052000 r-xp 00000000 08:01 4983945    /usr/lib/jvm/java-6-sun-1.6.0.26/jre/bin/java
08052000-08053000 rwxp 00009000 08:01 4983945    /usr/lib/jvm/java-6-sun-1.6.0.26/jre/bin/java
09c78000-0d91d000 rwxp 00000000 00:00 0          [heap]
7a400000-7a4fa000 rwxp 00000000 00:00 0 
7a4fa000-7a500000 ---p 00000000 00:00 0 
7a500000-7a5fa000 rwxp 00000000 00:00 0 
7a5fa000-7a600000 ---p 00000000 00:00 0 
7a600000-7a6f4000 rwxp 00000000 00:00 0 
7a6f4000-7a700000 ---p 00000000 00:00 0 
7a700000-7a7fe000 rwxp 00000000 00:00 0 
7a7fe000-7a800000 ---p 00000000 00:00 0 
7a800000-7a8fc000 rwxp 00000000 00:00 0 
7a8fc000-7a900000 ---p 00000000 00:00 0 
7a900000-7a9fe000 rwxp 00000000 00:00 0 
7a9fe000-7aa00000 ---p 00000000 00:00 0 
7aa00000-7abe8000 rwxp 00000000 00:00 0 
7abe8000-7ac00000 ---p 00000000 00:00 0 
7ac00000-7ae00000 rwxp 00000000 00:00 0 
7ae00000-7b000000 rwxp 00000000 00:00 0 
7b000000-7b200000 rwxp 00000000 00:00 0 
7b200000-7b400000 rwxp 00000000 00:00 0 
7b400000-7b600000 rwxp 00000000 00:00 0 
7b600000-7b800000 rwxp 00000000 00:00 0 
7b800000-7ba00000 rwxp 00000000 00:00 0 
7ba00000-7bc00000 rwxp 00000000 00:00 0 
7bc00000-7be00000 rwxp 00000000 00:00 0 
7be00000-7c000000 rwxp 00000000 00:00 0 
7c000000-7c200000 rwxp 00000000 00:00 0 
7c200000-7c400000 rwxp 00000000 00:00 0 
7c400000-7c600000 rwxp 00000000 00:00 0 
7c600000-7c800000 rwxp 00000000 00:00 0 
7c800000-7ca00000 rwxp 00000000 00:00 0 
7ca00000-7cc00000 rwxp 00000000 00:00 0 
7cc00000-7ce00000 rwxp 00000000 00:00 0 
7ce00000-7d000000 rwxp 00000000 00:00 0 
7d000000-7d200000 rwxp 00000000 00:00 0 
7d200000-7d400000 rwxp 00000000 00:00 0 
7d400000-7d600000 rwxp 00000000 00:00 0 
7d600000-7d800000 rwxp 00000000 00:00 0 
7d800000-7da00000 rwxp 00000000 00:00 0 
7da00000-7dc00000 rwxp 00000000 00:00 0 
7dc00000-7de00000 rwxp 00000000 00:00 0 
7de00000-7e000000 rwxp 00000000 00:00 0 
7e000000-7e0fa000 rwxp 00000000 00:00 0 
7e0fa000-7e100000 ---p 00000000 00:00 0 
7e100000-7e1fa000 rwxp 00000000 00:00 0 
7e1fa000-7e200000 ---p 00000000 00:00 0 
7e200000-7e2f9000 rwxp 00000000 00:00 0 
7e2f9000-7e300000 ---p 00000000 00:00 0 
7e300000-7e3fa000 rwxp 00000000 00:00 0 
7e3fa000-7e400000 ---p 00000000 00:00 0 
7e400000-7e4fb000 rwxp 00000000 00:00 0 
7e4fb000-7e500000 ---p 00000000 00:00 0 
7e52d000-7e530000 ---p 00000000 00:00 0 
7e530000-7e57e000 rwxp 00000000 00:00 0 
7e57e000-7e581000 ---p 00000000 00:00 0 
7e581000-7e5cf000 rwxp 00000000 00:00 0 
7e5cf000-7e5d2000 ---p 00000000 00:00 0 
7e5d2000-7e620000 rwxp 00000000 00:00 0 
7e620000-7e623000 ---p 00000000 00:00 0 
7e623000-7e671000 rwxp 00000000 00:00 0 
7e671000-7e674000 ---p 00000000 00:00 0 
7e674000-7e6c2000 rwxp 00000000 00:00 0 
7e6c2000-7e6c5000 ---p 00000000 00:00 0 
7e6c5000-7e713000 rwxp 00000000 00:00 0 
7e713000-7e716000 ---p 00000000 00:00 0 
7e716000-7e764000 rwxp 00000000 00:00 0 
7e764000-7e767000 ---p 00000000 00:00 0 
7e767000-7e7b5000 rwxp 00000000 00:00 0 
7e7b5000-7e7b8000 ---p 00000000 00:00 0 
7e7b8000-7e806000 rwxp 00000000 00:00 0 
7e806000-7e809000 ---p 00000000 00:00 0 
7e809000-7e857000 rwxp 00000000 00:00 0 
7e857000-7e85a000 ---p 00000000 00:00 0 
7e85a000-7e8a8000 rwxp 00000000 00:00 0 
7e8a8000-7e8ab000 ---p 00000000 00:00 0 
7e8ab000-7e8f9000 rwxp 00000000 00:00 0 
7e8f9000-7e8fc000 ---p 00000000 00:00 0 
7e8fc000-7e94a000 rwxp 00000000 00:00 0 
7e94a000-7e94d000 ---p 00000000 00:00 0 
7e94d000-7e99b000 rwxp 00000000 00:00 0 
7e99b000-7e99e000 ---p 00000000 00:00 0 
7e99e000-7e9ec000 rwxp 00000000 00:00 0 
7e9ec000-7e9ef000 ---p 00000000 00:00 0 
7e9ef000-7ea3d000 rwxp 00000000 00:00 0 
7ea3d000-7ea4c000 r-xs 00667000 08:01 4995154    /usr/lib/jvm/java-6-sun-1.6.0.26/jre/lib/charsets.jar
7ea4c000-7ea5b000 r-xs 00667000 08:01 4995154    /usr/lib/jvm/java-6-sun-1.6.0.26/jre/lib/charsets.jar
7ea5b000-7ea5e000 ---p 00000000 00:00 0 
7ea5e000-7eaac000 rwxp 00000000 00:00 0 
7eaac000-7eaaf000 ---p 00000000 00:00 0 
7eaaf000-7eafd000 rwxp 00000000 00:00 0 
7eafd000-7eb00000 ---p 00000000 00:00 0 
7eb00000-7eb4e000 rwxp 00000000 00:00 0 
7eb4e000-7eb51000 ---p 00000000 00:00 0 
7eb51000-7eb9f000 rwxp 00000000 00:00 0 
7eb9f000-7eba2000 ---p 00000000 00:00 0 
7eba2000-7ebf0000 rwxp 00000000 00:00 0 
7ebf0000-7ebf3000 ---p 00000000 00:00 0 
7ebf3000-7ec41000 rwxp 00000000 00:00 0 
7ec41000-7ec44000 ---p 00000000 00:00 0 
7ec44000-7ec92000 rwxp 00000000 00:00 0 
7ec92000-7ec95000 ---p 00000000 00:00 0 
7ec95000-7ece3000 rwxp 00000000 00:00 0 
7ece3000-7ece6000 ---p 00000000 00:00 0 
7ece6000-7ed34000 rwxp 00000000 00:00 0 
7ed34000-7ed37000 ---p 00000000 00:00 0 
7ed37000-7ed85000 rwxp 00000000 00:00 0 
7ed85000-7ed88000 ---p 00000000 00:00 0 
7ed88000-7edd6000 rwxp 00000000 00:00 0 
7edd6000-7edd9000 ---p 00000000 00:00 0 
7edd9000-7ee27000 rwxp 00000000 00:00 0 
7ee27000-7ee2a000 ---p 00000000 00:00 0 
7ee2a000-7ee78000 rwxp 00000000 00:00 0 
7ee78000-7ee7b000 ---p 00000000 00:00 0 
7ee7b000-7eec9000 rwxp 00000000 00:00 0 
7eec9000-7eecc000 ---p 00000000 00:00 0 
7eecc000-7ef1a000 rwxp 00000000 00:00 0 
7ef1a000-7ef1d000 ---p 00000000 00:00 0 
7ef1d000-7ef6b000 rwxp 00000000 00:00 0 
7ef6b000-7ef6e000 ---p 00000000 00:00 0 
7ef6e000-7efbc000 rwxp 00000000 00:00 0 
7efbc000-7efbf000 ---p 00000000 00:00 0 
7efbf000-7f00d000 rwxp 00000000 00:00 0 
7f00d000-7f010000 ---p 00000000 00:00 0 
7f010000-7f05e000 rwxp 00000000 00:00 0 
7f05e000-7f061000 ---p 00000000 00:00 0 
7f061000-7f0af000 rwxp 00000000 00:00 0 
7f0af000-7f0b2000 ---p 00000000 00:00 0 
7f0b2000-7f100000 rwxp 00000000 00:00 0 
7f100000-7f1fb000 rwxp 00000000 00:00 0 
7f1fb000-7f200000 ---p 00000000 00:00 0 
7f200000-7f2be000 rwxp 00000000 00:00 0 
7f2be000-7f300000 ---p 00000000 00:00 0 
7f300000-7f3e6000 rwxp 00000000 00:00 0 
7f3e6000-7f400000 ---p 00000000 00:00 0 
7f400000-7f4e7000 rwxp 00000000 00:00 0 
7f4e7000-7f500000 ---p 00000000 00:00 0 
7f500000-7f5fe000 rwxp 00000000 00:00 0 
7f5fe000-7f600000 ---p 00000000 00:00 0 
7f600000-7f6ff000 rwxp 00000000 00:00 0 
7f6ff000-7f700000 ---p 00000000 00:00 0 
7f700000-7f7fe000 rwxp 00000000 00:00 0 
7f7fe000-7f800000 ---p 00000000 00:00 0 
7f80d000-7f810000 ---p 00000000 00:00 0 
7f810000-7f85e000 rwxp 00000000 00:00 0 
7f85e000-7f861000 ---p 00000000 00:00 0 
7f861000-7f8af000 rwxp 00000000 00:00 0 
7f8af000-7f8b2000 ---p 00000000 00:00 0 
7f8b2000-7f900000 rwxp 00000000 00:00 0 
7f900000-7f9e9000 rwxp 00000000 00:00 0 
7f9e9000-7fa00000 ---p 00000000 00:00 0 
7fa00000-7faf7000 rwxp 00000000 00:00 0 
7faf7000-7fb00000 ---p 00000000 00:00 0 
7fb00000-7fbf1000 rwxp 00000000 00:00 0 
7fbf1000-7fc00000 ---p 00000000 00:00 0 
7fc00000-7fce9000 rwxp 00000000 00:00 0 
7fce9000-7fd00000 ---p 00000000 00:00 0 
7fd00000-7fdff000 rwxp 00000000 00:00 0 
7fdff000-7fe00000 ---p 00000000 00:00 0 
7fe00000-7fee9000 rwxp 00000000 00:00 0 
7fee9000-7ff00000 ---p 00000000 00:00 0 
7ff00000-7fffc000 rwxp 00000000 00:00 0 
7fffc000-80000000 ---p 00000000 00:00 0 
80000000-800db000 rwxp 00000000 00:00 0 
800db000-80100000 ---p 00000000 00:00 0 
80100000-802fb000 rwxp 00000000 00:00 0 
802fb000-80300000 ---p 00000000 00:00 0 
80300000-80500000 rwxp 00000000 00:00 0 
80500000-80700000 rwxp 00000000 00:00 0 
80700000-80900000 rwxp 00000000 00:00 0 
80900000-809fd000 rwxp 00000000 00:00 0 
809fd000-80a00000 ---p 00000000 00:00 0 
80a00000-80b00000 rwxp 00000000 00:00 0 
80b00000-80beb000 rwxp 00000000 00:00 0 
80beb000-80c00000 ---p 00000000 00:00 0 
80c00000-80cfa000 rwxp 00000000 00:00 0 
80cfa000-80d00000 ---p 00000000 00:00 0 
80d00000-80dfe000 rwxp 00000000 00:00 0 
80dfe000-80e00000 ---p 00000000 00:00 0 
80e00000-80efe000 rwxp 00000000 00:00 0 
80efe000-80f00000 ---p 00000000 00:00 0 
80f00000-80ff9000 rwxp 00000000 00:00 0 
80ff9000-81000000 ---p 00000000 00:00 0 
81000000-810fc000 rwxp 00000000 00:00 0 
810fc000-81100000 ---p 00000000 00:00 0 
81100000-811ea000 rwxp 00000000 00:00 0 
811ea000-81200000 ---p 00000000 00:00 0 
81200000-81300000 rwxp 00000000 00:00 0 
81300000-814f9000 rwxp 00000000 00:00 0 
814f9000-81500000 ---p 00000000 00:00 0 
81500000-81700000 rwxp 00000000 00:00 0 
81700000-817f9000 rwxp 00000000 00:00 0 
817f9000-81800000 ---p 00000000 00:00 0 
81800000-81900000 rwxp 00000000 00:00 0 
81900000-819f9000 rwxp 00000000 00:00 0 
819f9000-81a00000 ---p 00000000 00:00 0 
81a00000-81b00000 rwxp 00000000 00:00 0 
81b00000-81bf9000 rwxp 00000000 00:00 0 
81bf9000-81c00000 ---p 00000000 00:00 0 
81c00000-81cf9000 rwxp 00000000 00:00 0 
81cf9000-81d00000 ---p 00000000 00:00 0 
81d00000-81df9000 rwxp 00000000 00:00 0 
81df9000-81e00000 ---p 00000000 00:00 0 
81e00000-81ef9000 rwxp 00000000 00:00 0 
81ef9000-81f00000 ---p 00000000 00:00 0 
81f00000-81ff9000 rwxp 00000000 00:00 0 
81ff9000-82000000 ---p 00000000 00:00 0 
82000000-820f9000 rwxp 00000000 00:00 0 
820f9000-82100000 ---p 00000000 00:00 0 
82100000-821f9000 rwxp 00000000 00:00 0 
821f9000-82200000 ---p 00000000 00:00 0 
82200000-822f9000 rwxp 00000000 00:00 0 
822f9000-82300000 ---p 00000000 00:00 0 
8230d000-82310000 ---p 00000000 00:00 0 
82310000-8235e000 rwxp 00000000 00:00 0 
8235e000-82361000 ---p 00000000 00:00 0 
82361000-823af000 rwxp 00000000 00:00 0 
823af000-823b2000 ---p 00000000 00:00 0 
823b2000-82400000 rwxp 00000000 00:00 0 
82400000-824f8000 rwxp 00000000 00:00 0 
824f8000-82500000 ---p 00000000 00:00 0 
82500000-825f9000 rwxp 00000000 00:00 0 
825f9000-82600000 ---p 00000000 00:00 0 
82600000-827f9000 rwxp 00000000 00:00 0 
827f9000-82800000 ---p 00000000 00:00 0 
82800000-829f9000 rwxp 00000000 00:00 0 
829f9000-82a00000 ---p 00000000 00:00 0 
82a00000-82af9000 rwxp 00000000 00:00 0 
82af9000-82b00000 ---p 00000000 00:00 0 
82b00000-82bf9000 rwxp 00000000 00:00 0 
82bf9000-82c00000 ---p 00000000 00:00 0 
82c00000-82cf9000 rwxp 00000000 00:00 0 
82cf9000-82d00000 ---p 00000000 00:00 0 
82d00000-82df9000 rwxp 00000000 00:00 0 
82df9000-82e00000 ---p 00000000 00:00 0 
82e00000-82efc000 rwxp 00000000 00:00 0 
82efc000-82f00000 ---p 00000000 00:00 0 
82f00000-82ffc000 rwxp 00000000 00:00 0 
82ffc000-83000000 ---p 00000000 00:00 0 
83000000-83200000 rwxp 00000000 00:00 0 
83200000-83400000 rwxp 00000000 00:00 0 
83400000-83600000 rwxp 00000000 00:00 0 
83600000-83800000 rwxp 00000000 00:00 0 
83800000-83a00000 rwxp 00000000 00:00 0 
83a00000-83af9000 rwxp 00000000 00:00 0 
83af9000-83b00000 ---p 00000000 00:00 0 
83b00000-83c00000 rwxp 00000000 00:00 0 
83c00000-83cf9000 rwxp 00000000 00:00 0 
83cf9000-83d00000 ---p 00000000 00:00 0 
83d00000-83df9000 rwxp 00000000 00:00 0 
83df9000-83e00000 ---p 00000000 00:00 0 
83e00000-83ef9000 rwxp 00000000 00:00 0 
83ef9000-83f00000 ---p 00000000 00:00 0 
83f00000-83ff9000 rwxp 00000000 00:00 0 
83ff9000-84000000 ---p 00000000 00:00 0 
84000000-840f9000 rwxp 00000000 00:00 0 
840f9000-84100000 ---p 00000000 00:00 0 
84100000-841f9000 rwxp 00000000 00:00 0 
841f9000-84200000 ---p 00000000 00:00 0 
84200000-843f9000 rwxp 00000000 00:00 0 
843f9000-84400000 ---p 00000000 00:00 0 
84400000-845f9000 rwxp 00000000 00:00 0 
845f9000-84600000 ---p 00000000 00:00 0 
84600000-846f9000 rwxp 00000000 00:00 0 
846f9000-84700000 ---p 00000000 00:00 0 
84700000-847f9000 rwxp 00000000 00:00 0 
847f9000-84800000 ---p 00000000 00:00 0 
84800000-849f9000 rwxp 00000000 00:00 0 
849f9000-84a00000 ---p 00000000 00:00 0 
84a00000-84af9000 rwxp 00000000 00:00 0 
84af9000-84b00000 ---p 00000000 00:00 0 
84b00000-84bf9000 rwxp 00000000 00:00 0 
84bf9000-84c00000 ---p 00000000 00:00 0 
84c00000-84cf9000 rwxp 00000000 00:00 0 
84cf9000-84d00000 ---p 00000000 00:00 0 
84d00000-84df9000 rwxp 00000000 00:00 0 
84df9000-84e00000 ---p 00000000 00:00 0 
84e00000-85000000 rwxp 00000000 00:00 0 
85000000-850f9000 rwxp 00000000 00:00 0 
850f9000-85100000 ---p 00000000 00:00 0 
85100000-851f9000 rwxp 00000000 00:00 0 
851f9000-85200000 ---p 00000000 00:00 0 
85200000-852fb000 rwxp 00000000 00:00 0 
852fb000-85300000 ---p 00000000 00:00 0 
85308000-85318000 r-xp 00000000 08:01 662591     /lib/libresolv-2.12.1.so
85318000-85319000 r-xp 00010000 08:01 662591     /lib/libresolv-2.12.1.so
85319000-8531a000 rwxp 00011000 08:01 662591     /lib/libresolv-2.12.1.so
8531a000-8531c000 rwxp 00000000 00:00 0 
8531c000-85320000 r-xp 00000000 08:01 662584     /lib/libnss_dns-2.12.1.so
85320000-85321000 r-xp 00004000 08:01 662584     /lib/libnss_dns-2.12.1.so
85321000-85322000 rwxp 00005000 08:01 662584     /lib/libnss_dns-2.12.1.so
85322000-85324000 r-xp 00000000 08:01 655477     /lib/libnss_mdns4_minimal.so.2
85324000-85325000 r-xp 00001000 08:01 655477     /lib/libnss_mdns4_minimal.so.2
85325000-85326000 rwxp 00002000 08:01 655477     /lib/libnss_mdns4_minimal.so.2
8532c000-85332000 r-xp 00000000 08:01 4984521    /usr/lib/jvm/java-6-sun-1.6.0.26/jre/lib/i386/libmanagement.so
85332000-85333000 rwxp 00005000 08:01 4984521    /usr/lib/jvm/java-6-sun-1.6.0.26/jre/lib/i386/libmanagement.so
85333000-8533a000 r-xp 00000000 08:01 4984478    /usr/lib/jvm/java-6-sun-1.6.0.26/jre/lib/i386/libnio.so
8533a000-8533b000 rwxp 00006000 08:01 4984478    /usr/lib/jvm/java-6-sun-1.6.0.26/jre/lib/i386/libnio.so
8533b000-8533e000 r-xs 00027000 08:01 5113505    /usr/lib/jvm/java-6-sun-1.6.0.26/jre/lib/ext/sunjce_provider.jar
8533e000-85341000 ---p 00000000 00:00 0 
85341000-8538f000 rwxp 00000000 00:00 0 
8538f000-85392000 ---p 00000000 00:00 0 
85392000-853e0000 rwxp 00000000 00:00 0 
853e0000-853e2000 r-xs 00001000 08:01 2363582    /home/aronmeza/.ivy2/cache/net.sf.jsr107cache/jsr107cache/jars/jsr107cache-1.0.jar
853e2000-853e4000 r-xs 00008000 08:01 1450167    /home/aronmeza/.ivy2/cache/commons-logging/commons-logging/jars/commons-logging-1.0.4.jar
853e4000-853ec000 r-xs 00049000 08:01 2363580    /home/aronmeza/.ivy2/cache/backport-util-concurrent/backport-util-concurrent/jars/backport-util-concurrent-3.1.jar
853ec000-853f1000 r-xs 0003c000 08:01 1450166    /home/aronmeza/.ivy2/cache/net.sf.ehcache/ehcache/jars/ehcache-1.5.0.jar
853f1000-853f5000 r-xs 0002c000 08:01 923409     /home/aronmeza/.ivy2/cache/org.grails/grails-test/jars/grails-test-2.0.0.M1.jar
853f5000-853fb000 r-xs 00069000 08:01 2097877    /home/aronmeza/.ivy2/cache/org.grails/grails-plugin-testing/jars/grails-plugin-testing-2.0.0.M1.jar
853fb000-85401000 r-xs 00034000 08:01 2230439    /home/aronmeza/.ivy2/cache/junit/junit/jars/junit-4.8.1.jar
85401000-85403000 r-xs 0000d000 08:01 1449800    /home/aronmeza/.ivy2/cache/commons-logging/commons-logging/jars/commons-logging-1.1.1.jar
85403000-8540d000 r-xs 00042000 08:01 1317520    /home/aronmeza/.ivy2/cache/org.springframework.security/spring-security-core/jars/spring-security-core-3.0.5.RELEASE.jar
8540d000-85414000 r-xs 00035000 08:01 1191070    /home/aronmeza/.ivy2/cache/org.springframework.security/spring-security-web/jars/spring-security-web-3.0.5.RELEASE.jar
85414000-85416000 r-xs 00000000 08:01 2232846    /home/aronmeza/.ivy2/cache/org.slf4j/jul-to-slf4j/jars/jul-to-slf4j-1.6.1.jar
85416000-85418000 r-xs 00003000 08:01 2097875    /home/aronmeza/.ivy2/cache/org.slf4j/jcl-over-slf4j/jars/jcl-over-slf4j-1.6.1.jar
85418000-85421000 r-xs 0006d000 08:01 1973153    /home/aronmeza/.ivy2/cache/log4j/log4j/jars/log4j-1.2.16.jar
85421000-8542e000 r-xs 00096000 08:01 1842006    /home/aronmeza/.ivy2/cache/net.sf.ehcache/ehcache-core/jars/ehcache-core-2.3.1.jar
8542e000-85430000 r-xs 00005000 08:01 2232845    /home/aronmeza/.ivy2/cache/xpp3/xpp3_min/jars/xpp3_min-1.1.4c.jar
85430000-85432000 r-xs 00004000 08:01 1312331    /home/aronmeza/.ivy2/cache/javax.servlet/jstl/jars/jstl-1.1.2.jar
85432000-8543c000 r-xs 00120000 08:01 2097874    /home/aronmeza/.ivy2/cache/com.h2database/h2/jars/h2-1.2.147.jar
8543c000-8543f000 r-xs 00016000 08:01 1578496    /home/aronmeza/.ivy2/cache/commons-pool/commons-pool/jars/commons-pool-1.5.5.jar
8543f000-85442000 r-xs 00022000 08:01 1445764    /home/aronmeza/.ivy2/cache/commons-dbcp/commons-dbcp/jars/commons-dbcp-1.3.jar
85442000-85444000 r-xs 0000e000 08:01 1183874    /home/aronmeza/.ivy2/cache/oro/oro/jars/oro-2.0.8.jar
85444000-85447000 r-xs 0000c000 08:01 1057896    /home/aronmeza/.ivy2/cache/commons-fileupload/commons-fileupload/jars/commons-fileupload-1.2.1.jar
85447000-8544e000 r-xs 00049000 08:01 2230431    /home/aronmeza/.ivy2/cache/cglib/cglib-nodep/jars/cglib-nodep-2.1_3.jar
8544e000-85452000 r-xs 00019000 08:01 2232844    /home/aronmeza/.ivy2/cache/org.aspectj/aspectjrt/jars/aspectjrt-1.6.10.jar
85452000-85468000 r-xs 00184000 08:01 2232843    /home/aronmeza/.ivy2/cache/org.aspectj/aspectjweaver/jars/aspectjweaver-1.6.10.jar
85468000-8546a000 r-xs 00001000 08:01 1713466    /home/aronmeza/.ivy2/cache/org.hibernate/hibernate-ehcache/jars/hibernate-ehcache-3.6.1.Final.jar
8546a000-85472000 r-xs 0008e000 08:01 1578504    /home/aronmeza/.ivy2/cache/javassist/javassist/jars/javassist-3.11.0.GA.jar
85472000-85475000 r-xs 00009000 08:01 1191076    /home/aronmeza/.ivy2/cache/javax.validation/validation-api/jars/validation-api-1.0.0.GA.jar
85475000-8547c000 r-xs 00040000 08:01 1580830    /home/aronmeza/.ivy2/cache/org.hibernate/hibernate-validator/jars/hibernate-validator-4.1.0.Final.jar
8547c000-85481000 r-xs 00014000 08:01 1317525    /home/aronmeza/.ivy2/cache/org.hibernate.javax.persistence/hibernate-jpa-2.0-api/jars/hibernate-jpa-2.0-api-1.0.0.Final.jar
85481000-85484000 r-xs 0000f000 08:01 1580842    /home/aronmeza/.ivy2/cache/org.hibernate/hibernate-commons-annotations/jars/hibernate-commons-annotations-3.2.0.Final.jar
85484000-85489000 r-xs 00048000 08:01 1711627    /home/aronmeza/.ivy2/cache/dom4j/dom4j/jars/dom4j-1.6.1.jar
85489000-8548f000 r-xs 00067000 08:01 1578506    /home/aronmeza/.ivy2/cache/antlr/antlr/jars/antlr-2.7.6.jar
8548f000-854c1000 r-xs 002c5000 08:01 1449798    /home/aronmeza/.ivy2/cache/org.hibernate/hibernate-core/jars/hibernate-core-3.6.1.Final.jar
854c1000-854cc000 r-xs 00078000 08:01 2097872    /home/aronmeza/.ivy2/cache/org.springframework/spring-webmvc/jars/spring-webmvc-3.1.0.M2.jar
854cc000-854d8000 r-xs 0006c000 08:01 2097870    /home/aronmeza/.ivy2/cache/org.springframework/spring-web/jars/spring-web-3.1.0.M2.jar
854d8000-854e0000 r-xs 00035000 08:01 2097868    /home/aronmeza/.ivy2/cache/org.springframework/spring-tx/jars/spring-tx-3.1.0.M2.jar
854e0000-854e8000 r-xs 0004e000 08:01 2097866    /home/aronmeza/.ivy2/cache/org.springframework/spring-orm/jars/spring-orm-3.1.0.M2.jar
854e8000-854ed000 r-xs 0002b000 08:01 1973793    /home/aronmeza/.ivy2/cache/org.springframework/spring-jms/jars/spring-jms-3.1.0.M2.jar
854ed000-854f7000 r-xs 00058000 08:01 1842005    /home/aronmeza/.ivy2/cache/org.springframework/spring-jdbc/jars/spring-jdbc-3.1.0.M2.jar
854f7000-854fc000 r-xs 00027000 08:01 1712165    /home/aronmeza/.ivy2/cache/org.springframework/spring-expression/jars/spring-expression-3.1.0.M2.jar
854fc000-85500000 r-xs 00015000 08:01 2097864    /home/aronmeza/.ivy2/cache/org.springframework/spring-context-support/jars/spring-context-support-3.1.0.M2.jar
85500000-85515000 r-xs 000b1000 08:01 2097862    /home/aronmeza/.ivy2/cache/org.springframework/spring-context/jars/spring-context-3.1.0.M2.jar
85515000-85521000 r-xs 00083000 08:01 2097860    /home/aronmeza/.ivy2/cache/org.springframework/spring-beans/jars/spring-beans-3.1.0.M2.jar
85521000-85522000 r-xs 0000c000 08:01 2097858    /home/aronmeza/.ivy2/cache/org.springframework/spring-asm/jars/spring-asm-3.1.0.M2.jar
85522000-85524000 r-xs 0000a000 08:01 2097856    /home/aronmeza/.ivy2/cache/org.springframework/spring-aspects/jars/spring-aspects-3.1.0.M2.jar
85524000-8552d000 r-xs 00048000 08:01 2097854    /home/aronmeza/.ivy2/cache/org.springframework/spring-aop/jars/spring-aop-3.1.0.M2.jar
8552d000-85537000 r-xs 0005f000 08:01 2097852    /home/aronmeza/.ivy2/cache/org.springframework/spring-core/jars/spring-core-3.1.0.M2.jar
85537000-85538000 r-xs 00006000 08:01 2097850    /home/aronmeza/.ivy2/cache/org.grails/grails-plugin-validation/jars/grails-plugin-validation-2.0.0.M1.jar
85538000-8553a000 r-xs 0001c000 08:01 2097848    /home/aronmeza/.ivy2/cache/org.grails/grails-plugin-url-mappings/jars/grails-plugin-url-mappings-2.0.0.M1.jar
8553a000-8553c000 r-xs 0000e000 08:01 2097846    /home/aronmeza/.ivy2/cache/org.grails/grails-plugin-mimetypes/jars/grails-plugin-mimetypes-2.0.0.M1.jar
8553c000-8553e000 r-xs 00005000 08:01 2097844    /home/aronmeza/.ivy2/cache/org.grails/grails-plugin-servlets/jars/grails-plugin-servlets-2.0.0.M1.jar
8553e000-8553f000 r-xs 00008000 08:01 2097842    /home/aronmeza/.ivy2/cache/org.grails/grails-plugin-services/jars/grails-plugin-services-2.0.0.M1.jar
8553f000-85541000 r-xs 00006000 08:01 2097840    /home/aronmeza/.ivy2/cache/org.grails/grails-plugin-scaffolding/jars/grails-plugin-scaffolding-2.0.0.M1.jar
85541000-85544000 r-xs 0000e000 08:01 2097838    /home/aronmeza/.ivy2/cache/org.grails/grails-plugin-logging/jars/grails-plugin-logging-2.0.0.M1.jar
85544000-85545000 r-xs 00004000 08:01 2097836    /home/aronmeza/.ivy2/cache/org.grails/grails-plugin-i18n/jars/grails-plugin-i18n-2.0.0.M1.jar
85545000-8554b000 r-xs 0006c000 08:01 2097824    /home/aronmeza/.ivy2/cache/org.grails/grails-plugin-gsp/jars/grails-plugin-gsp-2.0.0.M1.jar
8554b000-8554d000 r-xs 0000e000 08:01 2097822    /home/aronmeza/.ivy2/cache/org.grails/grails-plugin-filters/jars/grails-plugin-filters-2.0.0.M1.jar
8554d000-8554f000 r-xs 00009000 08:01 2097820    /home/aronmeza/.ivy2/cache/org.grails/grails-plugin-datasource/jars/grails-plugin-datasource-2.0.0.M1.jar
8554f000-85553000 r-xs 00024000 08:01 2097818    /home/aronmeza/.ivy2/cache/org.grails/grails-plugin-converters/jars/grails-plugin-converters-2.0.0.M1.jar
85553000-85556000 r-xs 00019000 08:01 2097816    /home/aronmeza/.ivy2/cache/org.grails/grails-plugin-domain-class/jars/grails-plugin-domain-class-2.0.0.M1.jar
85556000-8555a000 r-xs 0002a000 08:01 2097814    /home/aronmeza/.ivy2/cache/org.grails/grails-plugin-controllers/jars/grails-plugin-controllers-2.0.0.M1.jar
8555a000-8555c000 r-xs 00015000 08:01 2097812    /home/aronmeza/.ivy2/cache/org.grails/grails-plugin-codecs/jars/grails-plugin-codecs-2.0.0.M1.jar
8555c000-8555f000 r-xs 00021000 08:01 2097808    /home/aronmeza/.ivy2/cache/org.grails/grails-datastore-simple/jars/grails-datastore-simple-1.0.0.M7.jar
8555f000-85563000 r-xs 0003b000 08:01 2097806    /home/aronmeza/.ivy2/cache/org.grails/grails-datastore-gorm/jars/grails-datastore-gorm-1.0.0.M7.jar
85563000-8556a000 r-xs 00030000 08:01 2097804    /home/aronmeza/.ivy2/cache/org.grails/grails-datastore-core/jars/grails-datastore-core-1.0.0.M7.jar
8556a000-8556c000 r-xs 00009000 08:01 1842003    /home/aronmeza/.ivy2/cache/org.grails/grails-spring/jars/grails-spring-2.0.0.M1.jar
8556c000-85575000 r-xs 00077000 08:01 2097802    /home/aronmeza/.ivy2/cache/org.grails/grails-hibernate/jars/grails-hibernate-2.0.0.M1.jar
85575000-85577000 r-xs 00009000 08:01 794313     /home/aronmeza/.ivy2/cache/org.grails/grails-crud/jars/grails-crud-2.0.0.M1.jar
85577000-8557d000 r-xs 00027000 08:01 1841636    /home/aronmeza/.ivy2/cache/opensymphony/sitemesh/jars/sitemesh-2.4.jar
8557d000-85582000 r-xs 00014000 08:01 2097800    /home/aronmeza/.ivy2/cache/org.hibernate.java-persistence/jpa-api/jars/jpa-api-2.0-cr-1.jar
85582000-85584000 r-xs 00002000 08:01 1841632    /home/aronmeza/.ivy2/cache/javax.transaction/jta/jars/jta-1.1.jar
85584000-85588000 r-xs 0003c000 08:01 1841630    /home/aronmeza/.ivy2/cache/commons-lang/commons-lang/jars/commons-lang-2.4.jar
85588000-8558b000 r-xs 00018000 08:01 1711623    /home/aronmeza/.ivy2/cache/commons-io/commons-io/jars/commons-io-1.4.jar
8558b000-85599000 r-xs 0007f000 08:01 1711621    /home/aronmeza/.ivy2/cache/commons-collections/commons-collections/jars/commons-collections-3.2.1.jar
85599000-8559b000 r-xs 0000d000 08:01 1711619    /home/aronmeza/.ivy2/cache/commons-codec/commons-codec/jars/commons-codec-1.4.jar
8559b000-8559d000 r-xs 00000000 08:01 1578494    /home/aronmeza/.ivy2/cache/aopalliance/aopalliance/jars/aopalliance-1.0.jar
8559d000-855a0000 r-xs 0001f000 08:01 1445762    /home/aronmeza/.ivy2/cache/commons-validator/commons-validator/jars/commons-validator-1.3.1.jar
855a0000-855a3000 r-xs 00019000 08:01 1312329    /home/aronmeza/.ivy2/cache/commons-el/commons-el/jars/commons-el-1.0.jar
855a3000-855a8000 r-xs 00034000 08:01 1183872    /home/aronmeza/.ivy2/cache/commons-beanutils/commons-beanutils/jars/commons-beanutils-1.8.0.jar
855a8000-85600000 r-xs 00557000 08:01 1058294    /home/aronmeza/.ivy2/cache/org.codehaus.groovy/groovy-all/jars/groovy-all-1.8.0.jar
85600000-856ff000 rwxp 00000000 00:00 0 
856ff000-85700000 ---p 00000000 00:00 0 
85700000-857f8000 rwxp 00000000 00:00 0 
857f8000-85800000 ---p 00000000 00:00 0 
85800000-858fc000 rwxp 00000000 00:00 0 
858fc000-85900000 ---p 00000000 00:00 0 
85900000-859fb000 rwxp 00000000 00:00 0 
859fb000-85a00000 ---p 00000000 00:00 0 
85a00000-85af1000 rwxp 00000000 00:00 0 
85af1000-85b00000 ---p 00000000 00:00 0 
85b03000-85b0b000 r-xs 00115000 08:01 4986596    /usr/lib/jvm/java-6-sun-1.6.0.26/jre/lib/resources.jar
85b0b000-85b0d000 r-xs 0000b000 08:01 796118     /home/aronmeza/.ivy2/cache/org.grails/grails-plugin-tomcat/jars/grails-plugin-tomcat-2.0.0.M1.jar
85b0d000-85b1c000 r-xs 00190000 08:01 1580850    /home/aronmeza/.ivy2/cache/org.eclipse.jdt.core.compiler/ecj/jars/ecj-3.6.2.jar
85b1c000-85b1e000 r-xs 00012000 08:01 923384     /home/aronmeza/.ivy2/cache/org.apache.tomcat.embed/tomcat-embed-logging-log4j/jars/tomcat-embed-logging-log4j-7.0.16.jar
85b1e000-85b29000 r-xs 000b5000 08:01 923382     /home/aronmeza/.ivy2/cache/org.apache.tomcat.embed/tomcat-embed-jasper/jars/tomcat-embed-jasper-7.0.16.jar
85b29000-85b49000 r-xs 00232000 08:01 923380     /home/aronmeza/.ivy2/cache/org.apache.tomcat.embed/tomcat-embed-core/jars/tomcat-embed-core-7.0.16.jar
85b49000-85b4b000 r-xs 0000c000 08:01 1580848    /home/aronmeza/.ivy2/cache/org.apache.tomcat/tomcat-catalina-ant/jars/tomcat-catalina-ant-7.0.16.jar
85b4b000-85b4d000 r-xs 00009000 08:01 923364     /home/aronmeza/.ivy2/cache/com.googlecode.concurrentlinkedhashmap/concurrentlinkedhashmap-lru/jars/concurrentlinkedhashmap-lru-1.1_jdk5.jar
85b4d000-85b53000 r-xs 00032000 08:01 923363     /home/aronmeza/.ivy2/cache/org.springframework/spring-test/jars/spring-test-3.1.0.M2.jar
85b53000-85b55000 r-xs 00005000 08:01 794309     /home/aronmeza/.ivy2/cache/org.slf4j/slf4j-api/jars/slf4j-api-1.6.1.jar
85b55000-85b61000 r-xs 000a4000 08:01 923361     /home/aronmeza/.ivy2/cache/org.grails/grails-web/jars/grails-web-2.0.0.M1.jar
85b61000-85b63000 r-xs 00024000 08:01 923360     /home/aronmeza/.ivy2/cache/org.grails/grails-resources/jars/grails-resources-2.0.0.M1.jar
85b63000-85b70000 r-xs 000a1000 08:01 923359     /home/aronmeza/.ivy2/cache/org.grails/grails-core/jars/grails-core-2.0.0.M1.jar
85b70000-85b7a000 r-xs 000ef000 08:01 923358     /home/aronmeza/.ivy2/cache/org.grails/grails-scripts/jars/grails-scripts-2.0.0.M1.jar
85b7a000-85b82000 r-xs 00083000 08:01 922886     /home/aronmeza/.ivy2/cache/org.grails/grails-bootstrap/jars/grails-bootstrap-2.0.0.M1.jar
85b82000-85b85000 r-xs 0003b000 08:01 922884     /home/aronmeza/.ivy2/cache/org.grails/grails-docs/jars/grails-docs-2.0.0.M1.jar
85b85000-85b88000 r-xs 00041000 08:01 918219     /home/aronmeza/.ivy2/cache/xalan/serializer/jars/serializer-2.7.1.jar
85b88000-85b8b000 r-xs 000cf000 08:01 922871     /home/aronmeza/.ivy2/cache/net.java.dev.jna/jna/jars/jna-3.2.3.jar
85b8b000-85b8d000 r-xs 00008000 08:01 918217     /home/aronmeza/.ivy2/cache/org.fusesource.jansi/jansi/jars/jansi-1.2.1.jar
85b8d000-85b8f000 r-xs 00015000 08:01 922869     /home/aronmeza/.ivy2/cache/jline/jline/jars/jline-1.0.jar
85b8f000-85b90000 r-xs 00001000 08:01 918213     /home/aronmeza/.ivy2/cache/org.apache.ant/ant-trax/jars/ant-trax-1.7.1.jar
85b90000-85b92000 r-xs 00017000 08:01 922868     /home/aronmeza/.ivy2/cache/org.apache.ant/ant-junit/jars/ant-junit-1.8.2.jar
85b92000-85bb0000 r-xs 001bb000 08:01 794307     /home/aronmeza/.ivy2/cache/org.apache.ant/ant/jars/ant-1.8.2.jar
85bb0000-85bc6000 r-xs 001b0000 08:01 794306     /home/aronmeza/.ivy2/cache/org.tmatesoft.svnkit/svnkit/jars/svnkit-1.3.4.jar
85bc6000-85beb000 r-xs 00172000 08:01 922867     /home/aronmeza/.ivy2/cache/org.bouncycastle/bcprov-jdk15/jars/bcprov-jdk15-1.45.jar
85beb000-85bff000 r-xp 00000000 08:01 4984463    /usr/lib/jvm/java-6-sun-1.6.0.26/jre/lib/i386/libnet.so
85bff000-85c00000 rwxp 00013000 08:01 4984463    /usr/lib/jvm/java-6-sun-1.6.0.26/jre/lib/i386/libnet.so
85c00000-85ce2000 rwxp 00000000 00:00 0 
85ce2000-85d00000 ---p 00000000 00:00 0 
85d00000-85df9000 rwxp 00000000 00:00 0 
85df9000-85e00000 ---p 00000000 00:00 0 
85e00000-85efa000 rwxp 00000000 00:00 0 
85efa000-85f00000 ---p 00000000 00:00 0 
85f00000-85ffa000 rwxp 00000000 00:00 0 
85ffa000-86000000 ---p 00000000 00:00 0 
86000000-861fb000 rwxp 00000000 00:00 0 
861fb000-86200000 ---p 00000000 00:00 0 
86200000-86400000 rwxp 00000000 00:00 0 
86400000-864e9000 rwxp 00000000 00:00 0 
864e9000-86500000 ---p 00000000 00:00 0 
86500000-86700000 rwxp 00000000 00:00 0 
86700000-867fd000 rwxp 00000000 00:00 0 
867fd000-86800000 ---p 00000000 00:00 0 
86800000-868ff000 rwxp 00000000 00:00 0 
868ff000-86900000 ---p 00000000 00:00 0 
86900000-869fe000 rwxp 00000000 00:00 0 
869fe000-86a00000 ---p 00000000 00:00 0 
86a00000-86af9000 rwxp 00000000 00:00 0 
86af9000-86b00000 ---p 00000000 00:00 0 
86b00000-86bf4000 rwxp 00000000 00:00 0 
86bf4000-86c00000 ---p 00000000 00:00 0 
86c00000-86c02000 r-xs 00002000 08:01 794308     /home/aronmeza/.ivy2/cache/org.apache.ant/ant-launcher/jars/ant-launcher-1.8.2.jar
86c02000-86c07000 r-xs 00024000 08:01 922741     /home/aronmeza/.ivy2/cache/org.bouncycastle/bcpg-jdk15/jars/bcpg-jdk15-1.45.jar
86c07000-86c0c000 r-xs 0004c000 08:01 794305     /home/aronmeza/.ivy2/cache/com.google.protobuf/protobuf-java/jars/protobuf-java-2.3.0.jar
86c0c000-86c0f000 r-xs 0001a000 08:01 794303     /home/aronmeza/.ivy2/cache/org.springframework.uaa/org.springframework.uaa.client/bundles/org.springframework.uaa.client-1.0.1.RELEASE.jar
86c0f000-86c12000 ---p 00000000 00:00 0 
86c12000-86c60000 rwxp 00000000 00:00 0 
86c60000-86c71000 r-xp 00000000 08:01 2103067    /tmp/jna3458556212705414457.tmp
86c71000-86c72000 rwxp 00011000 08:01 2103067    /tmp/jna3458556212705414457.tmp
86c72000-86cd1000 r-xs 00baa000 08:01 5114296    /usr/lib/jvm/java-6-sun-1.6.0.26/lib/tools.jar
86cd1000-86cef000 r-xs 001bb000 08:01 2622760    /opt/grails/grails-2.0.0.M1/lib/org.apache.ant/ant/jars/ant-1.8.2.jar
86cef000-86cfe000 r-xs 000d9000 08:01 2622785    /opt/grails/grails-2.0.0.M1/lib/org.apache.ivy/ivy/jars/ivy-2.2.0.jar
86cfe000-86cff000 ---p 00000000 00:00 0 
86cff000-86d7f000 rwxp 00000000 00:00 0 
86d7f000-86d82000 ---p 00000000 00:00 0 
86d82000-86dd0000 rwxp 00000000 00:00 0 
86dd0000-86dd3000 ---p 00000000 00:00 0 
86dd3000-86e51000 rwxp 00000000 00:00 0 
86e51000-86e54000 ---p 00000000 00:00 0 
86e54000-86ed2000 rwxp 00000000 00:00 0 
86ed2000-86eda000 r-xs 00083000 08:01 1187114    /opt/grails/grails-2.0.0.M1/dist/grails-bootstrap-2.0.0.M1.jar
86eda000-86f32000 r-xs 00557000 08:01 2622911    /opt/grails/grails-2.0.0.M1/lib/org.codehaus.groovy/groovy-all/jars/groovy-all-1.8.0.jar
86f32000-86f35000 ---p 00000000 00:00 0 
86f35000-86f83000 rwxp 00000000 00:00 0 
86f83000-87183000 r-xp 00000000 08:01 4983134    /usr/lib/locale/locale-archive
87183000-87186000 ---p 00000000 00:00 0 
87186000-871d4000 rwxp 00000000 00:00 0 
871d4000-871d7000 ---p 00000000 00:00 0 
871d7000-87225000 rwxp 00000000 00:00 0 
87225000-87226000 ---p 00000000 00:00 0 
87226000-872da000 rwxp 00000000 00:00 0 
872da000-87472000 r-xs 03029000 08:01 4987733    /usr/lib/jvm/java-6-sun-1.6.0.26/jre/lib/rt.jar
87472000-87473000 ---p 00000000 00:00 0 
87473000-874f3000 rwxp 00000000 00:00 0 
874f3000-874f4000 ---p 00000000 00:00 0 
874f4000-875d4000 rwxp 00000000 00:00 0 
875d4000-8767f000 rwxp 00000000 00:00 0 
8767f000-876df000 rwxp 00000000 00:00 0 
876df000-87789000 rwxp 00000000 00:00 0 
87789000-877d2000 rwxp 00000000 00:00 0 
877d2000-877df000 ---p 00000000 00:00 0 
877df000-937e0000 rwxp 00000000 00:00 0 
937e0000-a8d40000 rwxp 00000000 00:00 0 
a8d40000-b1ca0000 rwxp 00000000 00:00 0 
b1ca0000-b37e0000 ---p 00000000 00:00 0 
b37e1000-b37e3000 r-xs 00001000 08:01 5113506    /usr/lib/jvm/java-6-sun-1.6.0.26/jre/lib/ext/dnsns.jar
b37e3000-b37ea000 r-xs 00094000 08:01 4995152    /usr/lib/jvm/java-6-sun-1.6.0.26/jre/lib/jsse.jar
b37ea000-b380e000 rwxp 00000000 00:00 0 
b380e000-b38aa000 rwxp 00000000 00:00 0 
b38aa000-b418a000 rwxp 00000000 00:00 0 
b418a000-b68aa000 rwxp 00000000 00:00 0 
b68aa000-b68b9000 r-xp 00000000 08:01 4984377    /usr/lib/jvm/java-6-sun-1.6.0.26/jre/lib/i386/libzip.so
b68b9000-b68bb000 rwxp 0000e000 08:01 4984377    /usr/lib/jvm/java-6-sun-1.6.0.26/jre/lib/i386/libzip.so
b68bb000-b68c5000 r-xp 00000000 08:01 662585     /lib/libnss_files-2.12.1.so
b68c5000-b68c6000 r-xp 00009000 08:01 662585     /lib/libnss_files-2.12.1.so
b68c6000-b68c7000 rwxp 0000a000 08:01 662585     /lib/libnss_files-2.12.1.so
b68c7000-b68d0000 r-xp 00000000 08:01 662587     /lib/libnss_nis-2.12.1.so
b68d0000-b68d1000 r-xp 00008000 08:01 662587     /lib/libnss_nis-2.12.1.so
b68d1000-b68d2000 rwxp 00009000 08:01 662587     /lib/libnss_nis-2.12.1.so
b68d2000-b68d3000 r-xs 00003000 08:01 922582     /home/aronmeza/.ivy2/cache/com.googlecode.json-simple/json-simple/jars/json-simple-1.1.jar
b68d3000-b68d8000 r-xs 0004f000 08:01 2622904    /opt/grails/grails-2.0.0.M1/lib/org.codehaus.gant/gant_groovy1.8/jars/gant_groovy1.8-1.9.5.jar
b68d8000-b68df000 r-xs 00060000 08:01 2622500    /opt/grails/grails-2.0.0.M1/lib/com.springsource.springloaded/springloaded-core/jars/springloaded-core-0.8.4.jar
b68df000-b68e7000 rwxs 00000000 08:01 2103066    /tmp/hsperfdata_aronmeza/5925
b68e7000-b68fa000 r-xp 00000000 08:01 662582     /lib/libnsl-2.12.1.so
b68fa000-b68fb000 r-xp 00012000 08:01 662582     /lib/libnsl-2.12.1.so
b68fb000-b68fc000 rwxp 00013000 08:01 662582     /lib/libnsl-2.12.1.so
b68fc000-b68fe000 rwxp 00000000 00:00 0 
b68fe000-b6901000 r-xs 000cf000 08:01 2622706    /opt/grails/grails-2.0.0.M1/lib/net.java.dev.jna/jna/jars/jna-3.2.3.jar
b6901000-b6907000 r-xp 00000000 08:01 662583     /lib/libnss_compat-2.12.1.so
b6907000-b6908000 r-xp 00006000 08:01 662583     /lib/libnss_compat-2.12.1.so
b6908000-b6909000 rwxp 00007000 08:01 662583     /lib/libnss_compat-2.12.1.so
b6909000-b6912000 r-xp 00000000 08:01 4986346    /usr/lib/jvm/java-6-sun-1.6.0.26/jre/lib/i386/libinstrument.so
b6912000-b6913000 rwxp 00008000 08:01 4986346    /usr/lib/jvm/java-6-sun-1.6.0.26/jre/lib/i386/libinstrument.so
b6913000-b6936000 r-xp 00000000 08:01 4984322    /usr/lib/jvm/java-6-sun-1.6.0.26/jre/lib/i386/libjava.so
b6936000-b6938000 rwxp 00023000 08:01 4984322    /usr/lib/jvm/java-6-sun-1.6.0.26/jre/lib/i386/libjava.so
b6938000-b693f000 r-xp 00000000 08:01 662592     /lib/librt-2.12.1.so
b693f000-b6940000 r-xp 00006000 08:01 662592     /lib/librt-2.12.1.so
b6940000-b6941000 rwxp 00007000 08:01 662592     /lib/librt-2.12.1.so
b6941000-b6944000 ---p 00000000 00:00 0 
b6944000-b6992000 rwxp 00000000 00:00 0 
b6992000-b69b6000 r-xp 00000000 08:01 662580     /lib/libm-2.12.1.so
b69b6000-b69b7000 r-xp 00023000 08:01 662580     /lib/libm-2.12.1.so
b69b7000-b69b8000 rwxp 00024000 08:01 662580     /lib/libm-2.12.1.so
b69b8000-b716a000 r-xp 00000000 08:01 5112108    /usr/lib/jvm/java-6-sun-1.6.0.26/jre/lib/i386/server/libjvm.so
b716a000-b71be000 rwxp 007b1000 08:01 5112108    /usr/lib/jvm/java-6-sun-1.6.0.26/jre/lib/i386/server/libjvm.so
b71be000-b75dd000 rwxp 00000000 00:00 0 
b75dd000-b7734000 r-xp 00000000 08:01 661533     /lib/libc-2.12.1.so
b7734000-b7736000 r-xp 00157000 08:01 661533     /lib/libc-2.12.1.so
b7736000-b7737000 rwxp 00159000 08:01 661533     /lib/libc-2.12.1.so
b7737000-b773a000 rwxp 00000000 00:00 0 
b773a000-b773c000 r-xp 00000000 08:01 662579     /lib/libdl-2.12.1.so
b773c000-b773d000 r-xp 00001000 08:01 662579     /lib/libdl-2.12.1.so
b773d000-b773e000 rwxp 00002000 08:01 662579     /lib/libdl-2.12.1.so
b773e000-b7745000 r-xp 00000000 08:01 5112285    /usr/lib/jvm/java-6-sun-1.6.0.26/jre/lib/i386/jli/libjli.so
b7745000-b7747000 rwxp 00006000 08:01 5112285    /usr/lib/jvm/java-6-sun-1.6.0.26/jre/lib/i386/jli/libjli.so
b7747000-b7748000 rwxp 00000000 00:00 0 
b7748000-b775d000 r-xp 00000000 08:01 662590     /lib/libpthread-2.12.1.so
b775d000-b775e000 ---p 00015000 08:01 662590     /lib/libpthread-2.12.1.so
b775e000-b775f000 r-xp 00015000 08:01 662590     /lib/libpthread-2.12.1.so
b775f000-b7760000 rwxp 00016000 08:01 662590     /lib/libpthread-2.12.1.so
b7760000-b7762000 rwxp 00000000 00:00 0 
b7762000-b7764000 r-xs 00009000 08:01 2622518    /opt/grails/grails-2.0.0.M1/lib/commons-cli/commons-cli/jars/commons-cli-1.2.jar
b7764000-b7766000 r-xs 00008000 08:01 2622925    /opt/grails/grails-2.0.0.M1/lib/org.fusesource.jansi/jansi/jars/jansi-1.2.1.jar
b7766000-b7768000 r-xs 00015000 08:01 2622681    /opt/grails/grails-2.0.0.M1/lib/jline/jline/jars/jline-1.0.jar
b7768000-b7769000 r-xp 002a1000 08:01 4983134    /usr/lib/locale/locale-archive
b7769000-b776a000 rwxp 00000000 00:00 0 
b776a000-b776b000 ---p 00000000 00:00 0 
b776b000-b7776000 r-xp 00000000 08:01 4984321    /usr/lib/jvm/java-6-sun-1.6.0.26/jre/lib/i386/libverify.so
b7776000-b7777000 rwxp 0000b000 08:01 4984321    /usr/lib/jvm/java-6-sun-1.6.0.26/jre/lib/i386/libverify.so
b7777000-b7779000 rwxp 00000000 00:00 0 
b7779000-b777a000 r-xp 00000000 00:00 0          [vdso]
b777a000-b7796000 r-xp 00000000 08:01 661295     /lib/ld-2.12.1.so
b7796000-b7797000 r-xp 0001b000 08:01 661295     /lib/ld-2.12.1.so
b7797000-b7798000 rwxp 0001c000 08:01 661295     /lib/ld-2.12.1.so
bfc1f000-bfc40000 rwxp 00000000 00:00 0          [stack]

VM Arguments:
jvm_args: -Xmx512M -XX:MaxPermSize=192m -Dfile.encoding=UTF-8 -javaagent:/opt/grails/grails-2.0.0.M1/lib/com.springsource.springloaded/springloaded-core/jars/springloaded-core-0.8.4.jar -Xverify:none -Dspringloaded=profile=grails -Dgrails.home=/opt/grails/grails-2.0.0.M1 -Dtools.jar=/usr/lib/jvm/java-6-sun/lib/tools.jar 
java_command: org.codehaus.groovy.grails.cli.support.GrailsStarter --main org.codehaus.groovy.grails.cli.GrailsScriptRunner --conf /opt/grails/grails-2.0.0.M1/conf/groovy-starter.conf --classpath 
Launcher Type: SUN_STANDARD

Environment Variables:
JAVA_HOME=/usr/lib/jvm/java-6-sun
PATH=/opt/grails/grails-2.0.0.M1/bin:/usr/lib/jvm/java-6-sun/bin:/usr/local/sbin:/usr/local/bin:/usr/sbin:/usr/bin:/sbin:/bin:/usr/games:$GROOVY_HOME/bin:$GRAILS_HOME/bin:$JAVA_HOME/bin
USERNAME=aronmeza
LD_LIBRARY_PATH=/usr/lib/jvm/java-6-sun-1.6.0.26/jre/lib/i386/server:/usr/lib/jvm/java-6-sun-1.6.0.26/jre/lib/i386:/usr/lib/jvm/java-6-sun-1.6.0.26/jre/../lib/i386
SHELL=/bin/bash
DISPLAY=:0.0

Signal Handlers:
SIGSEGV: [libjvm.so+0x725510], sa_mask[0]=0x7ffbfeff, sa_flags=0x10000004
SIGBUS: [libjvm.so+0x725510], sa_mask[0]=0x7ffbfeff, sa_flags=0x10000004
SIGFPE: [libjvm.so+0x5dff20], sa_mask[0]=0x7ffbfeff, sa_flags=0x10000004
SIGPIPE: [libjvm.so+0x5dff20], sa_mask[0]=0x7ffbfeff, sa_flags=0x10000004
SIGXFSZ: [libjvm.so+0x5dff20], sa_mask[0]=0x7ffbfeff, sa_flags=0x10000004
SIGILL: [libjvm.so+0x5dff20], sa_mask[0]=0x7ffbfeff, sa_flags=0x10000004
SIGUSR1: SIG_DFL, sa_mask[0]=0x00000000, sa_flags=0x00000000
SIGUSR2: [libjvm.so+0x5e3160], sa_mask[0]=0x00000000, sa_flags=0x10000004
SIGHUP: [libjvm.so+0x5e2d40], sa_mask[0]=0x7ffbfeff, sa_flags=0x10000004
SIGINT: [libjvm.so+0x5e2d40], sa_mask[0]=0x7ffbfeff, sa_flags=0x10000004
SIGTERM: [libjvm.so+0x5e2d40], sa_mask[0]=0x7ffbfeff, sa_flags=0x10000004
SIGQUIT: [libjvm.so+0x5e2d40], sa_mask[0]=0x7ffbfeff, sa_flags=0x10000004


---------------  S Y S T E M  ---------------

OS:squeeze/sid

uname:Linux 2.6.35-30-generic #56-Ubuntu SMP Mon Jul 11 20:00:22 UTC 2011 i686
libc:glibc 2.12.1 NPTL 2.12.1 
rlimit: STACK 8192k, CORE 0k, NPROC infinity, NOFILE 1024, AS infinity
load average:2.36 1.59 1.07

/proc/meminfo:
MemTotal:        3094708 kB
MemFree:          688748 kB
Buffers:           73816 kB
Cached:           469820 kB
SwapCached:         9868 kB
Active:          1809844 kB
Inactive:         503756 kB
Active(anon):    1608320 kB
Inactive(anon):   177856 kB
Active(file):     201524 kB
Inactive(file):   325900 kB
Unevictable:           0 kB
Mlocked:               0 kB
HighTotal:       2234960 kB
HighFree:          10664 kB
LowTotal:         859748 kB
LowFree:          678084 kB
SwapTotal:       2704380 kB
SwapFree:        2642316 kB
Dirty:               260 kB
Writeback:             0 kB
AnonPages:       1762292 kB
Mapped:           113924 kB
Shmem:             16212 kB
Slab:              38756 kB
SReclaimable:      24852 kB
SUnreclaim:        13904 kB
KernelStack:        3376 kB
PageTables:         8416 kB
NFS_Unstable:          0 kB
Bounce:                0 kB
WritebackTmp:          0 kB
CommitLimit:     4251732 kB
Committed_AS:    3117056 kB
VmallocTotal:     122880 kB
VmallocUsed:       62080 kB
VmallocChunk:      27132 kB
HardwareCorrupted:     0 kB
HugePages_Total:       0
HugePages_Free:        0
HugePages_Rsvd:        0
HugePages_Surp:        0
Hugepagesize:       4096 kB
DirectMap4k:      192504 kB
DirectMap4M:      716800 kB


CPU:total 2 (2 cores per cpu, 1 threads per core) family 6 model 15 stepping 13, cmov, cx8, fxsr, mmx, sse, sse2, sse3, ssse3

/proc/cpuinfo:
processor	: 0
vendor_id	: GenuineIntel
cpu family	: 6
model		: 15
model name	: Intel(R) Core(TM)2 Duo CPU     T7100  @ 1.80GHz
stepping	: 13
cpu MHz		: 800.000
cache size	: 2048 KB
physical id	: 0
siblings	: 2
core id		: 0
cpu cores	: 2
apicid		: 0
initial apicid	: 0
fdiv_bug	: no
hlt_bug		: no
f00f_bug	: no
coma_bug	: no
fpu		: yes
fpu_exception	: yes
cpuid level	: 10
wp		: yes
flags		: fpu vme de pse tsc msr pae mce cx8 apic mtrr pge mca cmov pat pse36 clflush dts acpi mmx fxsr sse sse2 ss ht tm pbe nx lm constant_tsc arch_perfmon pebs bts aperfmperf pni dtes64 monitor ds_cpl vmx est tm2 ssse3 cx16 xtpr pdcm lahf_lm ida dts tpr_shadow vnmi flexpriority
bogomips	: 3589.25
clflush size	: 64
cache_alignment	: 64
address sizes	: 36 bits physical, 48 bits virtual
power management:

processor	: 1
vendor_id	: GenuineIntel
cpu family	: 6
model		: 15
model name	: Intel(R) Core(TM)2 Duo CPU     T7100  @ 1.80GHz
stepping	: 13
cpu MHz		: 800.000
cache size	: 2048 KB
physical id	: 0
siblings	: 2
core id		: 1
cpu cores	: 2
apicid		: 1
initial apicid	: 1
fdiv_bug	: no
hlt_bug		: no
f00f_bug	: no
coma_bug	: no
fpu		: yes
fpu_exception	: yes
cpuid level	: 10
wp		: yes
flags		: fpu vme de pse tsc msr pae mce cx8 apic mtrr pge mca cmov pat pse36 clflush dts acpi mmx fxsr sse sse2 ss ht tm pbe nx lm constant_tsc arch_perfmon pebs bts aperfmperf pni dtes64 monitor ds_cpl vmx est tm2 ssse3 cx16 xtpr pdcm lahf_lm ida dts tpr_shadow vnmi flexpriority
bogomips	: 3590.82
clflush size	: 64
cache_alignment	: 64
address sizes	: 36 bits physical, 48 bits virtual
power management:



Memory: 4k page, physical 3094708k(688748k free), swap 2704380k(2642316k free)

vm_info: Java HotSpot(TM) Server VM (20.1-b02) for linux-x86 JRE (1.6.0_26-b03), built on May  4 2011 01:04:10 by "java_re" with gcc 3.2.1-7a (J2SE release)

time: Mon Sep 12 01:00:21 2011
elapsed time: 6904 seconds

